{"/home/runner/workspace/artifacts/devprep/src/hooks/useLocalStorage.ts": {"path":"/home/runner/workspace/artifacts/devprep/src/hooks/useLocalStorage.ts","statementMap":{"0":{"start":{"line":4,"column":36},"end":{"line":11,"column":null}},"1":{"start":{"line":5,"column":4},"end":{"line":10,"column":null}},"2":{"start":{"line":6,"column":19},"end":{"line":6,"column":null}},"3":{"start":{"line":7,"column":6},"end":{"line":7,"column":null}},"4":{"start":{"line":9,"column":6},"end":{"line":9,"column":null}},"5":{"start":{"line":13,"column":19},"end":{"line":22,"column":null}},"6":{"start":{"line":14,"column":4},"end":{"line":21,"column":null}},"7":{"start":{"line":16,"column":8},"end":{"line":16,"column":null}},"8":{"start":{"line":17,"column":6},"end":{"line":17,"column":null}},"9":{"start":{"line":18,"column":6},"end":{"line":18,"column":null}},"10":{"start":{"line":20,"column":6},"end":{"line":20,"column":null}},"11":{"start":{"line":24,"column":2},"end":{"line":24,"column":null}}},"fnMap":{"0":{"name":"useLocalStorage","decl":{"start":{"line":3,"column":16},"end":{"line":3,"column":35}},"loc":{"start":{"line":3,"column":65},"end":{"line":25,"column":null}},"line":3},"1":{"name":"(anonymous_1)","decl":{"start":{"line":4,"column":52},"end":{"line":4,"column":58}},"loc":{"start":{"line":4,"column":58},"end":{"line":11,"column":3}},"line":4},"2":{"name":"(anonymous_2)","decl":{"start":{"line":13,"column":19},"end":{"line":13,"column":20}},"loc":{"start":{"line":13,"column":51},"end":{"line":22,"column":null}},"line":13}},"branchMap":{"0":{"loc":{"start":{"line":7,"column":13},"end":{"line":7,"column":null}},"type":"cond-expr","locations":[{"start":{"line":7,"column":20},"end":{"line":7,"column":39}},{"start":{"line":7,"column":39},"end":{"line":7,"column":null}}],"line":7},"1":{"loc":{"start":{"line":16,"column":8},"end":{"line":16,"column":null}},"type":"cond-expr","locations":[{"start":{"line":16,"column":36},"end":{"line":16,"column":57}},{"start":{"line":16,"column":57},"end":{"line":16,"column":null}}],"line":16}},"s":{"0":9,"1":6,"2":6,"3":6,"4":1,"5":9,"6":3,"7":3,"8":3,"9":3,"10":1,"11":9},"f":{"0":9,"1":6,"2":3},"b":{"0":[2,4],"1":[1,2]},"meta":{"lastBranch":2,"lastFunction":3,"lastStatement":12,"seen":{"f:3:16:3:35":0,"s:4:36:11:Infinity":0,"f:4:52:4:58":1,"s:5:4:10:Infinity":1,"s:6:19:6:Infinity":2,"s:7:6:7:Infinity":3,"b:7:20:7:39:7:39:7:Infinity":0,"s:9:6:9:Infinity":4,"s:13:19:22:Infinity":5,"f:13:19:13:20":2,"s:14:4:21:Infinity":6,"s:16:8:16:Infinity":7,"b:16:36:16:57:16:57:16:Infinity":1,"s:17:6:17:Infinity":8,"s:18:6:18:Infinity":9,"s:20:6:20:Infinity":10,"s:24:2:24:Infinity":11}}}
,"/home/runner/workspace/artifacts/devprep/src/hooks/useMobile.ts": {"path":"/home/runner/workspace/artifacts/devprep/src/hooks/useMobile.ts","statementMap":{"0":{"start":{"line":5,"column":30},"end":{"line":5,"column":null}},"1":{"start":{"line":7,"column":2},"end":{"line":15,"column":null}},"2":{"start":{"line":8,"column":24},"end":{"line":10,"column":null}},"3":{"start":{"line":9,"column":6},"end":{"line":9,"column":null}},"4":{"start":{"line":12,"column":4},"end":{"line":12,"column":null}},"5":{"start":{"line":13,"column":4},"end":{"line":13,"column":null}},"6":{"start":{"line":14,"column":4},"end":{"line":14,"column":null}},"7":{"start":{"line":14,"column":17},"end":{"line":14,"column":null}},"8":{"start":{"line":17,"column":2},"end":{"line":17,"column":null}}},"fnMap":{"0":{"name":"useMobile","decl":{"start":{"line":4,"column":16},"end":{"line":4,"column":28}},"loc":{"start":{"line":4,"column":28},"end":{"line":18,"column":null}},"line":4},"1":{"name":"(anonymous_1)","decl":{"start":{"line":7,"column":12},"end":{"line":7,"column":18}},"loc":{"start":{"line":7,"column":18},"end":{"line":15,"column":5}},"line":7},"2":{"name":"(anonymous_2)","decl":{"start":{"line":8,"column":24},"end":{"line":8,"column":30}},"loc":{"start":{"line":8,"column":30},"end":{"line":10,"column":null}},"line":8},"3":{"name":"(anonymous_3)","decl":{"start":{"line":14,"column":11},"end":{"line":14,"column":17}},"loc":{"start":{"line":14,"column":17},"end":{"line":14,"column":null}},"line":14}},"branchMap":{},"s":{"0":5,"1":5,"2":3,"3":3,"4":3,"5":3,"6":3,"7":3,"8":5},"f":{"0":5,"1":3,"2":3,"3":3},"b":{},"meta":{"lastBranch":0,"lastFunction":4,"lastStatement":9,"seen":{"f:4:16:4:28":0,"s:5:30:5:Infinity":0,"s:7:2:15:Infinity":1,"f:7:12:7:18":1,"s:8:24:10:Infinity":2,"f:8:24:8:30":2,"s:9:6:9:Infinity":3,"s:12:4:12:Infinity":4,"s:13:4:13:Infinity":5,"s:14:4:14:Infinity":6,"f:14:11:14:17":3,"s:14:17:14:Infinity":7,"s:17:2:17:Infinity":8}}}
,"/home/runner/workspace/artifacts/devprep/src/lib/constants.ts": {"path":"/home/runner/workspace/artifacts/devprep/src/lib/constants.ts","statementMap":{"0":{"start":{"line":7,"column":33},"end":{"line":18,"column":null}},"1":{"start":{"line":24,"column":32},"end":{"line":30,"column":null}},"2":{"start":{"line":36,"column":28},"end":{"line":46,"column":null}},"3":{"start":{"line":51,"column":34},"end":{"line":59,"column":null}},"4":{"start":{"line":62,"column":28},"end":{"line":72,"column":null}},"5":{"start":{"line":77,"column":32},"end":{"line":82,"column":null}},"6":{"start":{"line":88,"column":29},"end":{"line":92,"column":null}},"7":{"start":{"line":97,"column":34},"end":{"line":101,"column":null}}},"fnMap":{},"branchMap":{},"s":{"0":1,"1":1,"2":1,"3":1,"4":1,"5":1,"6":1,"7":1},"f":{},"b":{},"meta":{"lastBranch":0,"lastFunction":0,"lastStatement":8,"seen":{"s:7:33:18:Infinity":0,"s:24:32:30:Infinity":1,"s:36:28:46:Infinity":2,"s:51:34:59:Infinity":3,"s:62:28:72:Infinity":4,"s:77:32:82:Infinity":5,"s:88:29:92:Infinity":6,"s:97:34:101:Infinity":7}}}
,"/home/runner/workspace/artifacts/devprep/src/lib/utils.ts": {"path":"/home/runner/workspace/artifacts/devprep/src/lib/utils.ts","statementMap":{"0":{"start":{"line":5,"column":2},"end":{"line":5,"column":null}}},"fnMap":{"0":{"name":"cn","decl":{"start":{"line":4,"column":16},"end":{"line":4,"column":22}},"loc":{"start":{"line":4,"column":44},"end":{"line":6,"column":null}},"line":4}},"branchMap":{},"s":{"0":4},"f":{"0":4},"b":{},"meta":{"lastBranch":0,"lastFunction":1,"lastStatement":1,"seen":{"f:4:16:4:22":0,"s:5:2:5:Infinity":0}}}
}
