{"/home/runner/workspace/artifacts/devprep/src/hooks/useAnalytics.ts": {"path":"/home/runner/workspace/artifacts/devprep/src/hooks/useAnalytics.ts","statementMap":{"0":{"start":{"line":8,"column":0},"end":{"line":8,"column":null}},"1":{"start":{"line":9,"column":2},"end":{"line":9,"column":10}},"2":{"start":{"line":10,"column":2},"end":{"line":10,"column":9}},"3":{"start":{"line":11,"column":2},"end":{"line":11,"column":9}},"4":{"start":{"line":12,"column":2},"end":{"line":12,"column":10}},"5":{"start":{"line":8,"column":5},"end":{"line":8,"column":null}},"6":{"start":{"line":24,"column":4},"end":{"line":24,"column":null}},"7":{"start":{"line":25,"column":4},"end":{"line":25,"column":null}},"8":{"start":{"line":29,"column":4},"end":{"line":29,"column":null}},"9":{"start":{"line":33,"column":4},"end":{"line":35,"column":null}},"10":{"start":{"line":34,"column":6},"end":{"line":34,"column":null}},"11":{"start":{"line":39,"column":4},"end":{"line":41,"column":null}},"12":{"start":{"line":40,"column":6},"end":{"line":40,"column":null}},"13":{"start":{"line":45,"column":4},"end":{"line":47,"column":null}},"14":{"start":{"line":46,"column":6},"end":{"line":46,"column":null}},"15":{"start":{"line":51,"column":4},"end":{"line":53,"column":null}},"16":{"start":{"line":52,"column":6},"end":{"line":52,"column":null}},"17":{"start":{"line":57,"column":24},"end":{"line":57,"column":null}},"18":{"start":{"line":145,"column":20},"end":{"line":145,"column":null}},"19":{"start":{"line":146,"column":24},"end":{"line":146,"column":null}},"20":{"start":{"line":153,"column":19},"end":{"line":153,"column":null}},"21":{"start":{"line":154,"column":2},"end":{"line":154,"column":null}},"22":{"start":{"line":154,"column":16},"end":{"line":154,"column":null}},"23":{"start":{"line":155,"column":16},"end":{"line":155,"column":null}},"24":{"start":{"line":156,"column":2},"end":{"line":156,"column":null}},"25":{"start":{"line":157,"column":2},"end":{"line":157,"column":null}},"26":{"start":{"line":161,"column":2},"end":{"line":161,"column":null}},"27":{"start":{"line":169,"column":2},"end":{"line":169,"column":null}},"28":{"start":{"line":169,"column":17},"end":{"line":169,"column":null}},"29":{"start":{"line":171,"column":16},"end":{"line":171,"column":null}},"30":{"start":{"line":172,"column":20},"end":{"line":172,"column":null}},"31":{"start":{"line":174,"column":2},"end":{"line":179,"column":null}},"32":{"start":{"line":175,"column":4},"end":{"line":178,"column":null}},"33":{"start":{"line":180,"column":2},"end":{"line":183,"column":null}},"34":{"start":{"line":181,"column":22},"end":{"line":181,"column":null}},"35":{"start":{"line":182,"column":4},"end":{"line":182,"column":null}},"36":{"start":{"line":184,"column":2},"end":{"line":184,"column":null}},"37":{"start":{"line":192,"column":14},"end":{"line":192,"column":null}},"38":{"start":{"line":193,"column":21},"end":{"line":193,"column":null}},"39":{"start":{"line":196,"column":19},"end":{"line":199,"column":null}},"40":{"start":{"line":197,"column":22},"end":{"line":197,"column":null}},"41":{"start":{"line":198,"column":4},"end":{"line":198,"column":null}},"42":{"start":{"line":202,"column":2},"end":{"line":210,"column":null}},"43":{"start":{"line":203,"column":4},"end":{"line":209,"column":null}},"44":{"start":{"line":205,"column":22},"end":{"line":205,"column":null}},"45":{"start":{"line":206,"column":22},"end":{"line":206,"column":null}},"46":{"start":{"line":207,"column":8},"end":{"line":207,"column":null}},"47":{"start":{"line":212,"column":2},"end":{"line":212,"column":null}},"48":{"start":{"line":216,"column":2},"end":{"line":231,"column":null}},"49":{"start":{"line":217,"column":16},"end":{"line":217,"column":null}},"50":{"start":{"line":218,"column":4},"end":{"line":221,"column":null}},"51":{"start":{"line":219,"column":6},"end":{"line":219,"column":null}},"52":{"start":{"line":220,"column":6},"end":{"line":220,"column":null}},"53":{"start":{"line":222,"column":17},"end":{"line":222,"column":null}},"54":{"start":{"line":223,"column":4},"end":{"line":226,"column":null}},"55":{"start":{"line":227,"column":4},"end":{"line":227,"column":null}},"56":{"start":{"line":229,"column":4},"end":{"line":229,"column":null}},"57":{"start":{"line":230,"column":4},"end":{"line":230,"column":null}},"58":{"start":{"line":235,"column":2},"end":{"line":257,"column":null}},"59":{"start":{"line":261,"column":2},"end":{"line":291,"column":null}},"60":{"start":{"line":295,"column":2},"end":{"line":303,"column":null}},"61":{"start":{"line":296,"column":4},"end":{"line":296,"column":null}},"62":{"start":{"line":297,"column":4},"end":{"line":300,"column":null}},"63":{"start":{"line":302,"column":4},"end":{"line":302,"column":null}},"64":{"start":{"line":311,"column":32},"end":{"line":320,"column":null}},"65":{"start":{"line":312,"column":17},"end":{"line":312,"column":null}},"66":{"start":{"line":314,"column":4},"end":{"line":318,"column":null}},"67":{"start":{"line":315,"column":7},"end":{"line":317,"column":null}},"68":{"start":{"line":316,"column":8},"end":{"line":316,"column":null}},"69":{"start":{"line":319,"column":4},"end":{"line":319,"column":null}},"70":{"start":{"line":322,"column":22},"end":{"line":347,"column":null}},"71":{"start":{"line":323,"column":4},"end":{"line":346,"column":null}},"72":{"start":{"line":324,"column":20},"end":{"line":324,"column":null}},"73":{"start":{"line":325,"column":21},"end":{"line":329,"column":null}},"74":{"start":{"line":331,"column":37},"end":{"line":343,"column":null}},"75":{"start":{"line":344,"column":6},"end":{"line":344,"column":null}},"76":{"start":{"line":345,"column":6},"end":{"line":345,"column":null}},"77":{"start":{"line":349,"column":29},"end":{"line":363,"column":null}},"78":{"start":{"line":350,"column":4},"end":{"line":350,"column":null}},"79":{"start":{"line":351,"column":4},"end":{"line":362,"column":null}},"80":{"start":{"line":352,"column":37},"end":{"line":358,"column":null}},"81":{"start":{"line":359,"column":6},"end":{"line":359,"column":null}},"82":{"start":{"line":360,"column":6},"end":{"line":360,"column":null}},"83":{"start":{"line":361,"column":6},"end":{"line":361,"column":null}},"84":{"start":{"line":365,"column":36},"end":{"line":379,"column":null}},"85":{"start":{"line":366,"column":4},"end":{"line":366,"column":null}},"86":{"start":{"line":367,"column":4},"end":{"line":378,"column":null}},"87":{"start":{"line":368,"column":37},"end":{"line":374,"column":null}},"88":{"start":{"line":375,"column":6},"end":{"line":375,"column":null}},"89":{"start":{"line":376,"column":6},"end":{"line":376,"column":null}},"90":{"start":{"line":377,"column":6},"end":{"line":377,"column":null}},"91":{"start":{"line":381,"column":28},"end":{"line":415,"column":null}},"92":{"start":{"line":386,"column":4},"end":{"line":414,"column":null}},"93":{"start":{"line":387,"column":28},"end":{"line":387,"column":null}},"94":{"start":{"line":388,"column":28},"end":{"line":390,"column":null}},"95":{"start":{"line":389,"column":29},"end":{"line":389,"column":null}},"96":{"start":{"line":393,"column":6},"end":{"line":405,"column":null}},"97":{"start":{"line":394,"column":8},"end":{"line":394,"column":null}},"98":{"start":{"line":395,"column":8},"end":{"line":399,"column":null}},"99":{"start":{"line":401,"column":8},"end":{"line":404,"column":null}},"100":{"start":{"line":407,"column":37},"end":{"line":411,"column":null}},"101":{"start":{"line":412,"column":6},"end":{"line":412,"column":null}},"102":{"start":{"line":413,"column":6},"end":{"line":413,"column":null}},"103":{"start":{"line":417,"column":27},"end":{"line":440,"column":null}},"104":{"start":{"line":418,"column":4},"end":{"line":439,"column":null}},"105":{"start":{"line":419,"column":38},"end":{"line":423,"column":null}},"106":{"start":{"line":426,"column":29},"end":{"line":430,"column":null}},"107":{"start":{"line":432,"column":37},"end":{"line":436,"column":null}},"108":{"start":{"line":437,"column":6},"end":{"line":437,"column":null}},"109":{"start":{"line":438,"column":6},"end":{"line":438,"column":null}},"110":{"start":{"line":442,"column":34},"end":{"line":466,"column":null}},"111":{"start":{"line":446,"column":4},"end":{"line":465,"column":null}},"112":{"start":{"line":447,"column":23},"end":{"line":447,"column":null}},"113":{"start":{"line":448,"column":45},"end":{"line":454,"column":null}},"114":{"start":{"line":455,"column":37},"end":{"line":462,"column":null}},"115":{"start":{"line":463,"column":6},"end":{"line":463,"column":null}},"116":{"start":{"line":464,"column":6},"end":{"line":464,"column":null}},"117":{"start":{"line":468,"column":31},"end":{"line":494,"column":null}},"118":{"start":{"line":473,"column":4},"end":{"line":493,"column":null}},"119":{"start":{"line":474,"column":23},"end":{"line":474,"column":null}},"120":{"start":{"line":475,"column":51},"end":{"line":482,"column":null}},"121":{"start":{"line":483,"column":37},"end":{"line":490,"column":null}},"122":{"start":{"line":491,"column":6},"end":{"line":491,"column":null}},"123":{"start":{"line":492,"column":6},"end":{"line":492,"column":null}},"124":{"start":{"line":496,"column":29},"end":{"line":524,"column":null}},"125":{"start":{"line":501,"column":4},"end":{"line":523,"column":null}},"126":{"start":{"line":502,"column":40},"end":{"line":507,"column":null}},"127":{"start":{"line":510,"column":29},"end":{"line":514,"column":null}},"128":{"start":{"line":516,"column":37},"end":{"line":520,"column":null}},"129":{"start":{"line":521,"column":6},"end":{"line":521,"column":null}},"130":{"start":{"line":522,"column":6},"end":{"line":522,"column":null}},"131":{"start":{"line":526,"column":26},"end":{"line":544,"column":null}},"132":{"start":{"line":527,"column":4},"end":{"line":543,"column":null}},"133":{"start":{"line":528,"column":38},"end":{"line":532,"column":null}},"134":{"start":{"line":533,"column":37},"end":{"line":540,"column":null}},"135":{"start":{"line":541,"column":6},"end":{"line":541,"column":null}},"136":{"start":{"line":542,"column":6},"end":{"line":542,"column":null}},"137":{"start":{"line":546,"column":28},"end":{"line":568,"column":null}},"138":{"start":{"line":547,"column":4},"end":{"line":567,"column":null}},"139":{"start":{"line":548,"column":33},"end":{"line":553,"column":null}},"140":{"start":{"line":556,"column":30},"end":{"line":558,"column":null}},"141":{"start":{"line":560,"column":37},"end":{"line":564,"column":null}},"142":{"start":{"line":565,"column":6},"end":{"line":565,"column":null}},"143":{"start":{"line":566,"column":6},"end":{"line":566,"column":null}},"144":{"start":{"line":570,"column":27},"end":{"line":592,"column":null}},"145":{"start":{"line":571,"column":4},"end":{"line":591,"column":null}},"146":{"start":{"line":572,"column":33},"end":{"line":577,"column":null}},"147":{"start":{"line":580,"column":30},"end":{"line":582,"column":null}},"148":{"start":{"line":584,"column":37},"end":{"line":588,"column":null}},"149":{"start":{"line":589,"column":6},"end":{"line":589,"column":null}},"150":{"start":{"line":590,"column":6},"end":{"line":590,"column":null}},"151":{"start":{"line":594,"column":36},"end":{"line":622,"column":null}},"152":{"start":{"line":599,"column":4},"end":{"line":621,"column":null}},"153":{"start":{"line":600,"column":33},"end":{"line":607,"column":null}},"154":{"start":{"line":610,"column":30},"end":{"line":612,"column":null}},"155":{"start":{"line":614,"column":37},"end":{"line":618,"column":null}},"156":{"start":{"line":619,"column":6},"end":{"line":619,"column":null}},"157":{"start":{"line":620,"column":6},"end":{"line":620,"column":null}},"158":{"start":{"line":624,"column":19},"end":{"line":624,"column":null}},"159":{"start":{"line":624,"column":36},"end":{"line":624,"column":null}},"160":{"start":{"line":626,"column":27},"end":{"line":626,"column":null}},"161":{"start":{"line":626,"column":43},"end":{"line":626,"column":null}},"162":{"start":{"line":628,"column":34},"end":{"line":629,"column":null}},"163":{"start":{"line":629,"column":4},"end":{"line":629,"column":null}},"164":{"start":{"line":631,"column":27},"end":{"line":631,"column":null}},"165":{"start":{"line":631,"column":49},"end":{"line":631,"column":null}},"166":{"start":{"line":633,"column":26},"end":{"line":633,"column":null}},"167":{"start":{"line":633,"column":47},"end":{"line":633,"column":null}},"168":{"start":{"line":635,"column":31},"end":{"line":636,"column":null}},"169":{"start":{"line":636,"column":4},"end":{"line":636,"column":null}},"170":{"start":{"line":638,"column":28},"end":{"line":639,"column":null}},"171":{"start":{"line":639,"column":4},"end":{"line":639,"column":null}},"172":{"start":{"line":641,"column":27},"end":{"line":641,"column":null}},"173":{"start":{"line":641,"column":55},"end":{"line":641,"column":null}},"174":{"start":{"line":643,"column":24},"end":{"line":643,"column":null}},"175":{"start":{"line":643,"column":58},"end":{"line":643,"column":null}},"176":{"start":{"line":645,"column":26},"end":{"line":645,"column":null}},"177":{"start":{"line":645,"column":47},"end":{"line":645,"column":null}},"178":{"start":{"line":647,"column":26},"end":{"line":686,"column":null}},"179":{"start":{"line":648,"column":25},"end":{"line":650,"column":null}},"180":{"start":{"line":649,"column":26},"end":{"line":649,"column":null}},"181":{"start":{"line":651,"column":23},"end":{"line":651,"column":null}},"182":{"start":{"line":652,"column":19},"end":{"line":654,"column":null}},"183":{"start":{"line":653,"column":38},"end":{"line":653,"column":null}},"184":{"start":{"line":655,"column":18},"end":{"line":657,"column":null}},"185":{"start":{"line":656,"column":33},"end":{"line":656,"column":null}},"186":{"start":{"line":658,"column":20},"end":{"line":660,"column":null}},"187":{"start":{"line":659,"column":27},"end":{"line":659,"column":null}},"188":{"start":{"line":662,"column":4},"end":{"line":685,"column":null}},"189":{"start":{"line":666,"column":61},"end":{"line":666,"column":68}},"190":{"start":{"line":668,"column":59},"end":{"line":668,"column":67}},"191":{"start":{"line":671,"column":34},"end":{"line":671,"column":null}},"192":{"start":{"line":674,"column":40},"end":{"line":674,"column":null}},"193":{"start":{"line":678,"column":42},"end":{"line":678,"column":null}},"194":{"start":{"line":683,"column":57},"end":{"line":683,"column":68}},"195":{"start":{"line":688,"column":25},"end":{"line":692,"column":null}},"196":{"start":{"line":689,"column":20},"end":{"line":689,"column":null}},"197":{"start":{"line":690,"column":4},"end":{"line":690,"column":null}},"198":{"start":{"line":691,"column":4},"end":{"line":691,"column":null}},"199":{"start":{"line":694,"column":26},"end":{"line":696,"column":null}},"200":{"start":{"line":695,"column":4},"end":{"line":695,"column":null}},"201":{"start":{"line":698,"column":2},"end":{"line":728,"column":null}},"202":{"start":{"line":726,"column":6},"end":{"line":726,"column":null}}},"fnMap":{"0":{"name":"(anonymous_0)","decl":{"start":{"line":8,"column":0},"end":{"line":8,"column":5}},"loc":{"start":{"line":8,"column":0},"end":{"line":8,"column":null}},"line":8},"1":{"name":"(anonymous_1)","decl":{"start":{"line":23,"column":2},"end":{"line":23,"column":14}},"loc":{"start":{"line":23,"column":80},"end":{"line":26,"column":null}},"line":23},"2":{"name":"(anonymous_2)","decl":{"start":{"line":28,"column":10},"end":{"line":28,"column":20}},"loc":{"start":{"line":28,"column":46},"end":{"line":30,"column":null}},"line":28},"3":{"name":"(anonymous_3)","decl":{"start":{"line":32,"column":2},"end":{"line":32,"column":8}},"loc":{"start":{"line":32,"column":53},"end":{"line":36,"column":null}},"line":32},"4":{"name":"(anonymous_4)","decl":{"start":{"line":38,"column":2},"end":{"line":38,"column":7}},"loc":{"start":{"line":38,"column":52},"end":{"line":42,"column":null}},"line":38},"5":{"name":"(anonymous_5)","decl":{"start":{"line":44,"column":2},"end":{"line":44,"column":7}},"loc":{"start":{"line":44,"column":52},"end":{"line":48,"column":null}},"line":44},"6":{"name":"(anonymous_6)","decl":{"start":{"line":50,"column":2},"end":{"line":50,"column":8}},"loc":{"start":{"line":50,"column":53},"end":{"line":54,"column":null}},"line":50},"7":{"name":"generateUserId","decl":{"start":{"line":152,"column":9},"end":{"line":152,"column":34}},"loc":{"start":{"line":152,"column":34},"end":{"line":158,"column":null}},"line":152},"8":{"name":"getDateKey","decl":{"start":{"line":160,"column":9},"end":{"line":160,"column":20}},"loc":{"start":{"line":160,"column":53},"end":{"line":162,"column":null}},"line":160},"9":{"name":"calculateStreak","decl":{"start":{"line":164,"column":9},"end":{"line":164,"column":null}},"loc":{"start":{"line":168,"column":40},"end":{"line":185,"column":null}},"line":168},"10":{"name":"pruneOldData","decl":{"start":{"line":187,"column":9},"end":{"line":187,"column":null}},"loc":{"start":{"line":191,"column":7},"end":{"line":213,"column":null}},"line":191},"11":{"name":"(anonymous_11)","decl":{"start":{"line":196,"column":32},"end":{"line":196,"column":33}},"loc":{"start":{"line":196,"column":42},"end":{"line":199,"column":3}},"line":196},"12":{"name":"(anonymous_12)","decl":{"start":{"line":204,"column":12},"end":{"line":204,"column":13}},"loc":{"start":{"line":204,"column":22},"end":{"line":208,"column":7}},"line":204},"13":{"name":"loadAnalytics","decl":{"start":{"line":215,"column":9},"end":{"line":215,"column":40}},"loc":{"start":{"line":215,"column":40},"end":{"line":232,"column":null}},"line":215},"14":{"name":"createInitialData","decl":{"start":{"line":234,"column":9},"end":{"line":234,"column":44}},"loc":{"start":{"line":234,"column":44},"end":{"line":258,"column":null}},"line":234},"15":{"name":"migrateAnalytics","decl":{"start":{"line":260,"column":9},"end":{"line":260,"column":26}},"loc":{"start":{"line":260,"column":62},"end":{"line":292,"column":null}},"line":260},"16":{"name":"saveAnalytics","decl":{"start":{"line":294,"column":9},"end":{"line":294,"column":23}},"loc":{"start":{"line":294,"column":50},"end":{"line":304,"column":null}},"line":294},"17":{"name":"useAnalytics","decl":{"start":{"line":310,"column":16},"end":{"line":310,"column":31}},"loc":{"start":{"line":310,"column":31},"end":{"line":729,"column":null}},"line":310},"18":{"name":"(anonymous_18)","decl":{"start":{"line":311,"column":60},"end":{"line":311,"column":66}},"loc":{"start":{"line":311,"column":66},"end":{"line":320,"column":3}},"line":311},"19":{"name":"(anonymous_19)","decl":{"start":{"line":315,"column":78},"end":{"line":315,"column":84}},"loc":{"start":{"line":315,"column":84},"end":{"line":317,"column":null}},"line":315},"20":{"name":"(anonymous_20)","decl":{"start":{"line":322,"column":22},"end":{"line":322,"column":23}},"loc":{"start":{"line":322,"column":49},"end":{"line":347,"column":null}},"line":322},"21":{"name":"(anonymous_21)","decl":{"start":{"line":323,"column":17},"end":{"line":323,"column":18}},"loc":{"start":{"line":323,"column":42},"end":{"line":346,"column":5}},"line":323},"22":{"name":"(anonymous_22)","decl":{"start":{"line":349,"column":29},"end":{"line":349,"column":30}},"loc":{"start":{"line":349,"column":52},"end":{"line":363,"column":null}},"line":349},"23":{"name":"(anonymous_23)","decl":{"start":{"line":351,"column":17},"end":{"line":351,"column":18}},"loc":{"start":{"line":351,"column":42},"end":{"line":362,"column":5}},"line":351},"24":{"name":"(anonymous_24)","decl":{"start":{"line":365,"column":36},"end":{"line":365,"column":37}},"loc":{"start":{"line":365,"column":59},"end":{"line":379,"column":null}},"line":365},"25":{"name":"(anonymous_25)","decl":{"start":{"line":367,"column":17},"end":{"line":367,"column":18}},"loc":{"start":{"line":367,"column":42},"end":{"line":378,"column":5}},"line":367},"26":{"name":"(anonymous_26)","decl":{"start":{"line":381,"column":28},"end":{"line":381,"column":null}},"loc":{"start":{"line":385,"column":7},"end":{"line":415,"column":null}},"line":385},"27":{"name":"(anonymous_27)","decl":{"start":{"line":386,"column":17},"end":{"line":386,"column":18}},"loc":{"start":{"line":386,"column":42},"end":{"line":414,"column":5}},"line":386},"28":{"name":"(anonymous_28)","decl":{"start":{"line":389,"column":8},"end":{"line":389,"column":9}},"loc":{"start":{"line":389,"column":29},"end":{"line":389,"column":null}},"line":389},"29":{"name":"(anonymous_29)","decl":{"start":{"line":417,"column":27},"end":{"line":417,"column":28}},"loc":{"start":{"line":417,"column":79},"end":{"line":440,"column":null}},"line":417},"30":{"name":"(anonymous_30)","decl":{"start":{"line":418,"column":17},"end":{"line":418,"column":18}},"loc":{"start":{"line":418,"column":42},"end":{"line":439,"column":5}},"line":418},"31":{"name":"(anonymous_31)","decl":{"start":{"line":442,"column":34},"end":{"line":442,"column":null}},"loc":{"start":{"line":445,"column":7},"end":{"line":466,"column":null}},"line":445},"32":{"name":"(anonymous_32)","decl":{"start":{"line":446,"column":17},"end":{"line":446,"column":18}},"loc":{"start":{"line":446,"column":42},"end":{"line":465,"column":5}},"line":446},"33":{"name":"(anonymous_33)","decl":{"start":{"line":468,"column":31},"end":{"line":468,"column":null}},"loc":{"start":{"line":472,"column":7},"end":{"line":494,"column":null}},"line":472},"34":{"name":"(anonymous_34)","decl":{"start":{"line":473,"column":17},"end":{"line":473,"column":18}},"loc":{"start":{"line":473,"column":42},"end":{"line":493,"column":5}},"line":473},"35":{"name":"(anonymous_35)","decl":{"start":{"line":496,"column":29},"end":{"line":496,"column":null}},"loc":{"start":{"line":500,"column":7},"end":{"line":524,"column":null}},"line":500},"36":{"name":"(anonymous_36)","decl":{"start":{"line":501,"column":17},"end":{"line":501,"column":18}},"loc":{"start":{"line":501,"column":42},"end":{"line":523,"column":5}},"line":501},"37":{"name":"(anonymous_37)","decl":{"start":{"line":526,"column":26},"end":{"line":526,"column":27}},"loc":{"start":{"line":526,"column":50},"end":{"line":544,"column":null}},"line":526},"38":{"name":"(anonymous_38)","decl":{"start":{"line":527,"column":17},"end":{"line":527,"column":18}},"loc":{"start":{"line":527,"column":42},"end":{"line":543,"column":5}},"line":527},"39":{"name":"(anonymous_39)","decl":{"start":{"line":546,"column":28},"end":{"line":546,"column":34}},"loc":{"start":{"line":546,"column":34},"end":{"line":568,"column":null}},"line":546},"40":{"name":"(anonymous_40)","decl":{"start":{"line":547,"column":17},"end":{"line":547,"column":18}},"loc":{"start":{"line":547,"column":42},"end":{"line":567,"column":5}},"line":547},"41":{"name":"(anonymous_41)","decl":{"start":{"line":570,"column":27},"end":{"line":570,"column":28}},"loc":{"start":{"line":570,"column":46},"end":{"line":592,"column":null}},"line":570},"42":{"name":"(anonymous_42)","decl":{"start":{"line":571,"column":17},"end":{"line":571,"column":18}},"loc":{"start":{"line":571,"column":42},"end":{"line":591,"column":5}},"line":571},"43":{"name":"(anonymous_43)","decl":{"start":{"line":594,"column":36},"end":{"line":594,"column":null}},"loc":{"start":{"line":598,"column":7},"end":{"line":622,"column":null}},"line":598},"44":{"name":"(anonymous_44)","decl":{"start":{"line":599,"column":17},"end":{"line":599,"column":18}},"loc":{"start":{"line":599,"column":42},"end":{"line":621,"column":5}},"line":599},"45":{"name":"(anonymous_45)","decl":{"start":{"line":624,"column":19},"end":{"line":624,"column":36}},"loc":{"start":{"line":624,"column":36},"end":{"line":624,"column":null}},"line":624},"46":{"name":"(anonymous_46)","decl":{"start":{"line":626,"column":27},"end":{"line":626,"column":43}},"loc":{"start":{"line":626,"column":43},"end":{"line":626,"column":null}},"line":626},"47":{"name":"(anonymous_47)","decl":{"start":{"line":628,"column":34},"end":{"line":628,"column":null}},"loc":{"start":{"line":629,"column":4},"end":{"line":629,"column":null}},"line":629},"48":{"name":"(anonymous_48)","decl":{"start":{"line":631,"column":27},"end":{"line":631,"column":49}},"loc":{"start":{"line":631,"column":49},"end":{"line":631,"column":null}},"line":631},"49":{"name":"(anonymous_49)","decl":{"start":{"line":633,"column":26},"end":{"line":633,"column":47}},"loc":{"start":{"line":633,"column":47},"end":{"line":633,"column":null}},"line":633},"50":{"name":"(anonymous_50)","decl":{"start":{"line":635,"column":31},"end":{"line":635,"column":null}},"loc":{"start":{"line":636,"column":4},"end":{"line":636,"column":null}},"line":636},"51":{"name":"(anonymous_51)","decl":{"start":{"line":638,"column":28},"end":{"line":638,"column":null}},"loc":{"start":{"line":639,"column":4},"end":{"line":639,"column":null}},"line":639},"52":{"name":"(anonymous_52)","decl":{"start":{"line":641,"column":27},"end":{"line":641,"column":55}},"loc":{"start":{"line":641,"column":55},"end":{"line":641,"column":null}},"line":641},"53":{"name":"(anonymous_53)","decl":{"start":{"line":643,"column":24},"end":{"line":643,"column":58}},"loc":{"start":{"line":643,"column":58},"end":{"line":643,"column":null}},"line":643},"54":{"name":"(anonymous_54)","decl":{"start":{"line":645,"column":26},"end":{"line":645,"column":47}},"loc":{"start":{"line":645,"column":47},"end":{"line":645,"column":null}},"line":645},"55":{"name":"(anonymous_55)","decl":{"start":{"line":647,"column":26},"end":{"line":647,"column":27}},"loc":{"start":{"line":647,"column":49},"end":{"line":686,"column":null}},"line":647},"56":{"name":"(anonymous_56)","decl":{"start":{"line":649,"column":6},"end":{"line":649,"column":7}},"loc":{"start":{"line":649,"column":26},"end":{"line":649,"column":null}},"line":649},"57":{"name":"(anonymous_57)","decl":{"start":{"line":653,"column":6},"end":{"line":653,"column":7}},"loc":{"start":{"line":653,"column":38},"end":{"line":653,"column":null}},"line":653},"58":{"name":"(anonymous_58)","decl":{"start":{"line":656,"column":6},"end":{"line":656,"column":7}},"loc":{"start":{"line":656,"column":33},"end":{"line":656,"column":null}},"line":656},"59":{"name":"(anonymous_59)","decl":{"start":{"line":659,"column":6},"end":{"line":659,"column":7}},"loc":{"start":{"line":659,"column":27},"end":{"line":659,"column":null}},"line":659},"60":{"name":"(anonymous_60)","decl":{"start":{"line":666,"column":41},"end":{"line":666,"column":42}},"loc":{"start":{"line":666,"column":61},"end":{"line":666,"column":68}},"line":666},"61":{"name":"(anonymous_61)","decl":{"start":{"line":668,"column":39},"end":{"line":668,"column":40}},"loc":{"start":{"line":668,"column":59},"end":{"line":668,"column":67}},"line":668},"62":{"name":"(anonymous_62)","decl":{"start":{"line":671,"column":8},"end":{"line":671,"column":9}},"loc":{"start":{"line":671,"column":34},"end":{"line":671,"column":null}},"line":671},"63":{"name":"(anonymous_63)","decl":{"start":{"line":674,"column":8},"end":{"line":674,"column":9}},"loc":{"start":{"line":674,"column":40},"end":{"line":674,"column":null}},"line":674},"64":{"name":"(anonymous_64)","decl":{"start":{"line":678,"column":8},"end":{"line":678,"column":9}},"loc":{"start":{"line":678,"column":42},"end":{"line":678,"column":null}},"line":678},"65":{"name":"(anonymous_65)","decl":{"start":{"line":683,"column":36},"end":{"line":683,"column":37}},"loc":{"start":{"line":683,"column":57},"end":{"line":683,"column":68}},"line":683},"66":{"name":"(anonymous_66)","decl":{"start":{"line":688,"column":25},"end":{"line":688,"column":31}},"loc":{"start":{"line":688,"column":31},"end":{"line":692,"column":null}},"line":688},"67":{"name":"(anonymous_67)","decl":{"start":{"line":694,"column":26},"end":{"line":694,"column":40}},"loc":{"start":{"line":694,"column":40},"end":{"line":696,"column":null}},"line":694},"68":{"name":"(anonymous_68)","decl":{"start":{"line":725,"column":11},"end":{"line":725,"column":17}},"loc":{"start":{"line":725,"column":17},"end":{"line":727,"column":null}},"line":725}},"branchMap":{"0":{"loc":{"start":{"line":8,"column":5},"end":{"line":8,"column":null}},"type":"binary-expr","locations":[{"start":{"line":8,"column":5},"end":{"line":8,"column":null}},{"start":{"line":8,"column":5},"end":{"line":8,"column":null}}],"line":8},"1":{"loc":{"start":{"line":23,"column":14},"end":{"line":23,"column":44}},"type":"default-arg","locations":[{"start":{"line":23,"column":31},"end":{"line":23,"column":44}}],"line":23},"2":{"loc":{"start":{"line":23,"column":44},"end":{"line":23,"column":80}},"type":"default-arg","locations":[{"start":{"line":23,"column":65},"end":{"line":23,"column":80}}],"line":23},"3":{"loc":{"start":{"line":33,"column":4},"end":{"line":35,"column":null}},"type":"if","locations":[{"start":{"line":33,"column":4},"end":{"line":35,"column":null}},{"start":{},"end":{}}],"line":33},"4":{"loc":{"start":{"line":34,"column":89},"end":{"line":34,"column":102}},"type":"binary-expr","locations":[{"start":{"line":34,"column":89},"end":{"line":34,"column":100}},{"start":{"line":34,"column":100},"end":{"line":34,"column":102}}],"line":34},"5":{"loc":{"start":{"line":39,"column":4},"end":{"line":41,"column":null}},"type":"if","locations":[{"start":{"line":39,"column":4},"end":{"line":41,"column":null}},{"start":{},"end":{}}],"line":39},"6":{"loc":{"start":{"line":40,"column":87},"end":{"line":40,"column":100}},"type":"binary-expr","locations":[{"start":{"line":40,"column":87},"end":{"line":40,"column":98}},{"start":{"line":40,"column":98},"end":{"line":40,"column":100}}],"line":40},"7":{"loc":{"start":{"line":45,"column":4},"end":{"line":47,"column":null}},"type":"if","locations":[{"start":{"line":45,"column":4},"end":{"line":47,"column":null}},{"start":{},"end":{}}],"line":45},"8":{"loc":{"start":{"line":46,"column":87},"end":{"line":46,"column":100}},"type":"binary-expr","locations":[{"start":{"line":46,"column":87},"end":{"line":46,"column":98}},{"start":{"line":46,"column":98},"end":{"line":46,"column":100}}],"line":46},"9":{"loc":{"start":{"line":51,"column":4},"end":{"line":53,"column":null}},"type":"if","locations":[{"start":{"line":51,"column":4},"end":{"line":53,"column":null}},{"start":{},"end":{}}],"line":51},"10":{"loc":{"start":{"line":52,"column":89},"end":{"line":52,"column":102}},"type":"binary-expr","locations":[{"start":{"line":52,"column":89},"end":{"line":52,"column":100}},{"start":{"line":52,"column":100},"end":{"line":52,"column":102}}],"line":52},"11":{"loc":{"start":{"line":154,"column":2},"end":{"line":154,"column":null}},"type":"if","locations":[{"start":{"line":154,"column":2},"end":{"line":154,"column":null}},{"start":{},"end":{}}],"line":154},"12":{"loc":{"start":{"line":160,"column":20},"end":{"line":160,"column":53}},"type":"default-arg","locations":[{"start":{"line":160,"column":33},"end":{"line":160,"column":53}}],"line":160},"13":{"loc":{"start":{"line":169,"column":2},"end":{"line":169,"column":null}},"type":"if","locations":[{"start":{"line":169,"column":2},"end":{"line":169,"column":null}},{"start":{},"end":{}}],"line":169},"14":{"loc":{"start":{"line":174,"column":2},"end":{"line":179,"column":null}},"type":"if","locations":[{"start":{"line":174,"column":2},"end":{"line":179,"column":null}},{"start":{},"end":{}}],"line":174},"15":{"loc":{"start":{"line":180,"column":2},"end":{"line":183,"column":null}},"type":"if","locations":[{"start":{"line":180,"column":2},"end":{"line":183,"column":null}},{"start":{},"end":{}}],"line":180},"16":{"loc":{"start":{"line":197,"column":22},"end":{"line":197,"column":null}},"type":"binary-expr","locations":[{"start":{"line":197,"column":22},"end":{"line":197,"column":40}},{"start":{"line":197,"column":40},"end":{"line":197,"column":60}},{"start":{"line":197,"column":60},"end":{"line":197,"column":78}},{"start":{"line":197,"column":78},"end":{"line":197,"column":null}}],"line":197},"17":{"loc":{"start":{"line":202,"column":2},"end":{"line":210,"column":null}},"type":"if","locations":[{"start":{"line":202,"column":2},"end":{"line":210,"column":null}},{"start":{},"end":{}}],"line":202},"18":{"loc":{"start":{"line":205,"column":22},"end":{"line":205,"column":null}},"type":"binary-expr","locations":[{"start":{"line":205,"column":22},"end":{"line":205,"column":37}},{"start":{"line":205,"column":37},"end":{"line":205,"column":54}},{"start":{"line":205,"column":54},"end":{"line":205,"column":69}},{"start":{"line":205,"column":69},"end":{"line":205,"column":null}}],"line":205},"19":{"loc":{"start":{"line":206,"column":22},"end":{"line":206,"column":null}},"type":"binary-expr","locations":[{"start":{"line":206,"column":22},"end":{"line":206,"column":37}},{"start":{"line":206,"column":37},"end":{"line":206,"column":54}},{"start":{"line":206,"column":54},"end":{"line":206,"column":69}},{"start":{"line":206,"column":69},"end":{"line":206,"column":null}}],"line":206},"20":{"loc":{"start":{"line":218,"column":4},"end":{"line":221,"column":null}},"type":"if","locations":[{"start":{"line":218,"column":4},"end":{"line":221,"column":null}},{"start":{},"end":{}}],"line":218},"21":{"loc":{"start":{"line":265,"column":15},"end":{"line":281,"column":null}},"type":"cond-expr","locations":[{"start":{"line":266,"column":8},"end":{"line":273,"column":null}},{"start":{"line":274,"column":8},"end":{"line":281,"column":null}}],"line":265},"22":{"loc":{"start":{"line":267,"column":28},"end":{"line":267,"column":null}},"type":"binary-expr","locations":[{"start":{"line":267,"column":28},"end":{"line":267,"column":63}},{"start":{"line":267,"column":63},"end":{"line":267,"column":null}}],"line":267},"23":{"loc":{"start":{"line":268,"column":25},"end":{"line":268,"column":null}},"type":"binary-expr","locations":[{"start":{"line":268,"column":25},"end":{"line":268,"column":57}},{"start":{"line":268,"column":57},"end":{"line":268,"column":null}}],"line":268},"24":{"loc":{"start":{"line":269,"column":25},"end":{"line":269,"column":null}},"type":"binary-expr","locations":[{"start":{"line":269,"column":25},"end":{"line":269,"column":57}},{"start":{"line":269,"column":57},"end":{"line":269,"column":null}}],"line":269},"25":{"loc":{"start":{"line":270,"column":25},"end":{"line":270,"column":null}},"type":"binary-expr","locations":[{"start":{"line":270,"column":25},"end":{"line":270,"column":57}},{"start":{"line":270,"column":57},"end":{"line":270,"column":null}}],"line":270},"26":{"loc":{"start":{"line":271,"column":25},"end":{"line":271,"column":null}},"type":"binary-expr","locations":[{"start":{"line":271,"column":25},"end":{"line":271,"column":57}},{"start":{"line":271,"column":57},"end":{"line":271,"column":null}}],"line":271},"27":{"loc":{"start":{"line":272,"column":25},"end":{"line":272,"column":null}},"type":"binary-expr","locations":[{"start":{"line":272,"column":25},"end":{"line":272,"column":57}},{"start":{"line":272,"column":57},"end":{"line":272,"column":null}}],"line":272},"28":{"loc":{"start":{"line":282,"column":18},"end":{"line":282,"column":null}},"type":"binary-expr","locations":[{"start":{"line":282,"column":18},"end":{"line":282,"column":39}},{"start":{"line":282,"column":39},"end":{"line":282,"column":null}}],"line":282},"29":{"loc":{"start":{"line":283,"column":23},"end":{"line":283,"column":null}},"type":"binary-expr","locations":[{"start":{"line":283,"column":23},"end":{"line":283,"column":49}},{"start":{"line":283,"column":49},"end":{"line":283,"column":null}}],"line":283},"30":{"loc":{"start":{"line":284,"column":26},"end":{"line":284,"column":null}},"type":"binary-expr","locations":[{"start":{"line":284,"column":26},"end":{"line":284,"column":55}},{"start":{"line":284,"column":55},"end":{"line":284,"column":null}}],"line":284},"31":{"loc":{"start":{"line":285,"column":19},"end":{"line":285,"column":null}},"type":"binary-expr","locations":[{"start":{"line":285,"column":19},"end":{"line":285,"column":41}},{"start":{"line":285,"column":41},"end":{"line":285,"column":null}}],"line":285},"32":{"loc":{"start":{"line":286,"column":18},"end":{"line":286,"column":null}},"type":"binary-expr","locations":[{"start":{"line":286,"column":18},"end":{"line":286,"column":39}},{"start":{"line":286,"column":39},"end":{"line":286,"column":null}}],"line":286},"33":{"loc":{"start":{"line":287,"column":19},"end":{"line":287,"column":null}},"type":"binary-expr","locations":[{"start":{"line":287,"column":19},"end":{"line":287,"column":41}},{"start":{"line":287,"column":41},"end":{"line":287,"column":null}}],"line":287},"34":{"loc":{"start":{"line":288,"column":16},"end":{"line":288,"column":null}},"type":"binary-expr","locations":[{"start":{"line":288,"column":16},"end":{"line":288,"column":35}},{"start":{"line":288,"column":35},"end":{"line":288,"column":null}}],"line":288},"35":{"loc":{"start":{"line":289,"column":23},"end":{"line":289,"column":null}},"type":"binary-expr","locations":[{"start":{"line":289,"column":23},"end":{"line":289,"column":49}},{"start":{"line":289,"column":49},"end":{"line":289,"column":null}}],"line":289},"36":{"loc":{"start":{"line":290,"column":20},"end":{"line":290,"column":null}},"type":"binary-expr","locations":[{"start":{"line":290,"column":20},"end":{"line":290,"column":43}},{"start":{"line":290,"column":43},"end":{"line":290,"column":null}}],"line":290},"37":{"loc":{"start":{"line":314,"column":4},"end":{"line":318,"column":null}},"type":"if","locations":[{"start":{"line":314,"column":4},"end":{"line":318,"column":null}},{"start":{},"end":{}}],"line":314},"38":{"loc":{"start":{"line":322,"column":23},"end":{"line":322,"column":49}},"type":"default-arg","locations":[{"start":{"line":322,"column":43},"end":{"line":322,"column":49}}],"line":322},"39":{"loc":{"start":{"line":335,"column":57},"end":{"line":335,"column":null}},"type":"cond-expr","locations":[{"start":{"line":335,"column":73},"end":{"line":335,"column":77}},{"start":{"line":335,"column":77},"end":{"line":335,"column":null}}],"line":335},"40":{"loc":{"start":{"line":337,"column":12},"end":{"line":337,"column":null}},"type":"cond-expr","locations":[{"start":{"line":337,"column":28},"end":{"line":337,"column":41}},{"start":{"line":337,"column":41},"end":{"line":337,"column":null}}],"line":337},"41":{"loc":{"start":{"line":355,"column":26},"end":{"line":355,"column":57}},"type":"binary-expr","locations":[{"start":{"line":355,"column":26},"end":{"line":355,"column":52}},{"start":{"line":355,"column":52},"end":{"line":355,"column":57}}],"line":355},"42":{"loc":{"start":{"line":371,"column":26},"end":{"line":371,"column":60}},"type":"binary-expr","locations":[{"start":{"line":371,"column":26},"end":{"line":371,"column":55}},{"start":{"line":371,"column":55},"end":{"line":371,"column":60}}],"line":371},"43":{"loc":{"start":{"line":387,"column":28},"end":{"line":387,"column":null}},"type":"binary-expr","locations":[{"start":{"line":387,"column":28},"end":{"line":387,"column":50}},{"start":{"line":387,"column":50},"end":{"line":387,"column":null}}],"line":387},"44":{"loc":{"start":{"line":389,"column":29},"end":{"line":389,"column":null}},"type":"binary-expr","locations":[{"start":{"line":389,"column":29},"end":{"line":389,"column":58}},{"start":{"line":389,"column":58},"end":{"line":389,"column":null}}],"line":389},"45":{"loc":{"start":{"line":393,"column":6},"end":{"line":405,"column":null}},"type":"if","locations":[{"start":{"line":393,"column":6},"end":{"line":405,"column":null}},{"start":{"line":400,"column":13},"end":{"line":405,"column":null}}],"line":393},"46":{"loc":{"start":{"line":427,"column":13},"end":{"line":427,"column":39}},"type":"binary-expr","locations":[{"start":{"line":427,"column":13},"end":{"line":427,"column":34}},{"start":{"line":427,"column":34},"end":{"line":427,"column":39}}],"line":427},"47":{"loc":{"start":{"line":451,"column":22},"end":{"line":451,"column":52}},"type":"binary-expr","locations":[{"start":{"line":451,"column":22},"end":{"line":451,"column":47}},{"start":{"line":451,"column":47},"end":{"line":451,"column":52}}],"line":451},"48":{"loc":{"start":{"line":479,"column":19},"end":{"line":479,"column":46}},"type":"binary-expr","locations":[{"start":{"line":479,"column":19},"end":{"line":479,"column":41}},{"start":{"line":479,"column":41},"end":{"line":479,"column":46}}],"line":479},"49":{"loc":{"start":{"line":481,"column":10},"end":{"line":481,"column":null}},"type":"cond-expr","locations":[{"start":{"line":481,"column":35},"end":{"line":481,"column":49}},{"start":{"line":481,"column":49},"end":{"line":481,"column":null}}],"line":481},"50":{"loc":{"start":{"line":481,"column":49},"end":{"line":481,"column":null}},"type":"binary-expr","locations":[{"start":{"line":481,"column":49},"end":{"line":481,"column":74}},{"start":{"line":481,"column":74},"end":{"line":481,"column":null}}],"line":481},"51":{"loc":{"start":{"line":511,"column":13},"end":{"line":511,"column":40}},"type":"binary-expr","locations":[{"start":{"line":511,"column":13},"end":{"line":511,"column":35}},{"start":{"line":511,"column":35},"end":{"line":511,"column":40}}],"line":511},"52":{"loc":{"start":{"line":556,"column":35},"end":{"line":556,"column":61}},"type":"binary-expr","locations":[{"start":{"line":556,"column":35},"end":{"line":556,"column":56}},{"start":{"line":556,"column":56},"end":{"line":556,"column":61}}],"line":556},"53":{"loc":{"start":{"line":580,"column":35},"end":{"line":580,"column":61}},"type":"binary-expr","locations":[{"start":{"line":580,"column":35},"end":{"line":580,"column":56}},{"start":{"line":580,"column":56},"end":{"line":580,"column":61}}],"line":580},"54":{"loc":{"start":{"line":610,"column":35},"end":{"line":610,"column":61}},"type":"binary-expr","locations":[{"start":{"line":610,"column":35},"end":{"line":610,"column":56}},{"start":{"line":610,"column":56},"end":{"line":610,"column":61}}],"line":610},"55":{"loc":{"start":{"line":665,"column":8},"end":{"line":667,"column":null}},"type":"cond-expr","locations":[{"start":{"line":666,"column":12},"end":{"line":666,"column":null}},{"start":{"line":667,"column":12},"end":{"line":667,"column":null}}],"line":665},"56":{"loc":{"start":{"line":682,"column":8},"end":{"line":684,"column":null}},"type":"cond-expr","locations":[{"start":{"line":683,"column":12},"end":{"line":683,"column":null}},{"start":{"line":684,"column":12},"end":{"line":684,"column":null}}],"line":682}},"s":{"0":1,"1":1,"2":1,"3":1,"4":1,"5":1,"6":1,"7":1,"8":3,"9":1,"10":0,"11":2,"12":2,"13":0,"14":0,"15":0,"16":0,"17":1,"18":1,"19":1,"20":2,"21":2,"22":0,"23":2,"24":2,"25":2,"26":1,"27":1,"28":1,"29":0,"30":0,"31":0,"32":0,"33":0,"34":0,"35":0,"36":0,"37":0,"38":0,"39":0,"40":0,"41":0,"42":0,"43":0,"44":0,"45":0,"46":0,"47":0,"48":2,"49":2,"50":2,"51":2,"52":2,"53":0,"54":0,"55":0,"56":0,"57":0,"58":2,"59":0,"60":1,"61":1,"62":1,"63":0,"64":2,"65":2,"66":2,"67":2,"68":0,"69":2,"70":2,"71":1,"72":1,"73":1,"74":1,"75":1,"76":1,"77":2,"78":0,"79":0,"80":0,"81":0,"82":0,"83":0,"84":2,"85":0,"86":0,"87":0,"88":0,"89":0,"90":0,"91":2,"92":0,"93":0,"94":0,"95":0,"96":0,"97":0,"98":0,"99":0,"100":0,"101":0,"102":0,"103":2,"104":0,"105":0,"106":0,"107":0,"108":0,"109":0,"110":2,"111":0,"112":0,"113":0,"114":0,"115":0,"116":0,"117":2,"118":0,"119":0,"120":0,"121":0,"122":0,"123":0,"124":2,"125":0,"126":0,"127":0,"128":0,"129":0,"130":0,"131":2,"132":0,"133":0,"134":0,"135":0,"136":0,"137":2,"138":0,"139":0,"140":0,"141":0,"142":0,"143":0,"144":2,"145":0,"146":0,"147":0,"148":0,"149":0,"150":0,"151":2,"152":0,"153":0,"154":0,"155":0,"156":0,"157":0,"158":2,"159":0,"160":2,"161":0,"162":2,"163":0,"164":2,"165":0,"166":2,"167":0,"168":2,"169":0,"170":2,"171":0,"172":2,"173":0,"174":2,"175":0,"176":2,"177":0,"178":2,"179":0,"180":0,"181":0,"182":0,"183":0,"184":0,"185":0,"186":0,"187":0,"188":0,"189":0,"190":0,"191":0,"192":0,"193":0,"194":0,"195":2,"196":0,"197":0,"198":0,"199":2,"200":0,"201":2,"202":0},"f":{"0":1,"1":1,"2":3,"3":1,"4":2,"5":0,"6":0,"7":2,"8":1,"9":1,"10":0,"11":0,"12":0,"13":2,"14":2,"15":0,"16":1,"17":2,"18":2,"19":0,"20":1,"21":1,"22":0,"23":0,"24":0,"25":0,"26":0,"27":0,"28":0,"29":0,"30":0,"31":0,"32":0,"33":0,"34":0,"35":0,"36":0,"37":0,"38":0,"39":0,"40":0,"41":0,"42":0,"43":0,"44":0,"45":0,"46":0,"47":0,"48":0,"49":0,"50":0,"51":0,"52":0,"53":0,"54":0,"55":0,"56":0,"57":0,"58":0,"59":0,"60":0,"61":0,"62":0,"63":0,"64":0,"65":0,"66":0,"67":0,"68":0},"b":{"0":[1,1],"1":[1],"2":[1],"3":[0,1],"4":[0,0],"5":[2,0],"6":[2,2],"7":[0,0],"8":[0,0],"9":[0,0],"10":[0,0],"11":[0,2],"12":[1],"13":[1,0],"14":[0,0],"15":[0,0],"16":[0,0,0,0],"17":[0,0],"18":[0,0,0,0],"19":[0,0,0,0],"20":[2,0],"21":[0,0],"22":[0,0],"23":[0,0],"24":[0,0],"25":[0,0],"26":[0,0],"27":[0,0],"28":[0,0],"29":[0,0],"30":[0,0],"31":[0,0],"32":[0,0],"33":[0,0],"34":[0,0],"35":[0,0],"36":[0,0],"37":[2,0],"38":[1],"39":[0,1],"40":[0,1],"41":[0,0],"42":[0,0],"43":[0,0],"44":[0,0],"45":[0,0],"46":[0,0],"47":[0,0],"48":[0,0],"49":[0,0],"50":[0,0],"51":[0,0],"52":[0,0],"53":[0,0],"54":[0,0],"55":[0,0],"56":[0,0]},"meta":{"lastBranch":57,"lastFunction":69,"lastStatement":203,"seen":{"s:8:0:8:Infinity":0,"f:8:0:8:5":0,"s:9:2:9:10":1,"s:10:2:10:9":2,"s:11:2:11:9":3,"s:12:2:12:10":4,"s:8:5:8:Infinity":5,"b:8:5:8:Infinity:8:5:8:Infinity":0,"f:23:2:23:14":1,"b:23:31:23:44":1,"b:23:65:23:80":2,"s:24:4:24:Infinity":6,"s:25:4:25:Infinity":7,"f:28:10:28:20":2,"s:29:4:29:Infinity":8,"f:32:2:32:8":3,"b:33:4:35:Infinity:undefined:undefined:undefined:undefined":3,"s:33:4:35:Infinity":9,"s:34:6:34:Infinity":10,"b:34:89:34:100:34:100:34:102":4,"f:38:2:38:7":4,"b:39:4:41:Infinity:undefined:undefined:undefined:undefined":5,"s:39:4:41:Infinity":11,"s:40:6:40:Infinity":12,"b:40:87:40:98:40:98:40:100":6,"f:44:2:44:7":5,"b:45:4:47:Infinity:undefined:undefined:undefined:undefined":7,"s:45:4:47:Infinity":13,"s:46:6:46:Infinity":14,"b:46:87:46:98:46:98:46:100":8,"f:50:2:50:8":6,"b:51:4:53:Infinity:undefined:undefined:undefined:undefined":9,"s:51:4:53:Infinity":15,"s:52:6:52:Infinity":16,"b:52:89:52:100:52:100:52:102":10,"s:57:24:57:Infinity":17,"s:145:20:145:Infinity":18,"s:146:24:146:Infinity":19,"f:152:9:152:34":7,"s:153:19:153:Infinity":20,"b:154:2:154:Infinity:undefined:undefined:undefined:undefined":11,"s:154:2:154:Infinity":21,"s:154:16:154:Infinity":22,"s:155:16:155:Infinity":23,"s:156:2:156:Infinity":24,"s:157:2:157:Infinity":25,"f:160:9:160:20":8,"b:160:33:160:53":12,"s:161:2:161:Infinity":26,"f:164:9:164:Infinity":9,"b:169:2:169:Infinity:undefined:undefined:undefined:undefined":13,"s:169:2:169:Infinity":27,"s:169:17:169:Infinity":28,"s:171:16:171:Infinity":29,"s:172:20:172:Infinity":30,"b:174:2:179:Infinity:undefined:undefined:undefined:undefined":14,"s:174:2:179:Infinity":31,"s:175:4:178:Infinity":32,"b:180:2:183:Infinity:undefined:undefined:undefined:undefined":15,"s:180:2:183:Infinity":33,"s:181:22:181:Infinity":34,"s:182:4:182:Infinity":35,"s:184:2:184:Infinity":36,"f:187:9:187:Infinity":10,"s:192:14:192:Infinity":37,"s:193:21:193:Infinity":38,"s:196:19:199:Infinity":39,"f:196:32:196:33":11,"s:197:22:197:Infinity":40,"b:197:22:197:40:197:40:197:60:197:60:197:78:197:78:197:Infinity":16,"s:198:4:198:Infinity":41,"b:202:2:210:Infinity:undefined:undefined:undefined:undefined":17,"s:202:2:210:Infinity":42,"s:203:4:209:Infinity":43,"f:204:12:204:13":12,"s:205:22:205:Infinity":44,"b:205:22:205:37:205:37:205:54:205:54:205:69:205:69:205:Infinity":18,"s:206:22:206:Infinity":45,"b:206:22:206:37:206:37:206:54:206:54:206:69:206:69:206:Infinity":19,"s:207:8:207:Infinity":46,"s:212:2:212:Infinity":47,"f:215:9:215:40":13,"s:216:2:231:Infinity":48,"s:217:16:217:Infinity":49,"b:218:4:221:Infinity:undefined:undefined:undefined:undefined":20,"s:218:4:221:Infinity":50,"s:219:6:219:Infinity":51,"s:220:6:220:Infinity":52,"s:222:17:222:Infinity":53,"s:223:4:226:Infinity":54,"s:227:4:227:Infinity":55,"s:229:4:229:Infinity":56,"s:230:4:230:Infinity":57,"f:234:9:234:44":14,"s:235:2:257:Infinity":58,"f:260:9:260:26":15,"s:261:2:291:Infinity":59,"b:266:8:273:Infinity:274:8:281:Infinity":21,"b:267:28:267:63:267:63:267:Infinity":22,"b:268:25:268:57:268:57:268:Infinity":23,"b:269:25:269:57:269:57:269:Infinity":24,"b:270:25:270:57:270:57:270:Infinity":25,"b:271:25:271:57:271:57:271:Infinity":26,"b:272:25:272:57:272:57:272:Infinity":27,"b:282:18:282:39:282:39:282:Infinity":28,"b:283:23:283:49:283:49:283:Infinity":29,"b:284:26:284:55:284:55:284:Infinity":30,"b:285:19:285:41:285:41:285:Infinity":31,"b:286:18:286:39:286:39:286:Infinity":32,"b:287:19:287:41:287:41:287:Infinity":33,"b:288:16:288:35:288:35:288:Infinity":34,"b:289:23:289:49:289:49:289:Infinity":35,"b:290:20:290:43:290:43:290:Infinity":36,"f:294:9:294:23":16,"s:295:2:303:Infinity":60,"s:296:4:296:Infinity":61,"s:297:4:300:Infinity":62,"s:302:4:302:Infinity":63,"f:310:16:310:31":17,"s:311:32:320:Infinity":64,"f:311:60:311:66":18,"s:312:17:312:Infinity":65,"b:314:4:318:Infinity:undefined:undefined:undefined:undefined":37,"s:314:4:318:Infinity":66,"s:315:7:317:Infinity":67,"f:315:78:315:84":19,"s:316:8:316:Infinity":68,"s:319:4:319:Infinity":69,"s:322:22:347:Infinity":70,"f:322:22:322:23":20,"b:322:43:322:49":38,"s:323:4:346:Infinity":71,"f:323:17:323:18":21,"s:324:20:324:Infinity":72,"s:325:21:329:Infinity":73,"s:331:37:343:Infinity":74,"b:335:73:335:77:335:77:335:Infinity":39,"b:337:28:337:41:337:41:337:Infinity":40,"s:344:6:344:Infinity":75,"s:345:6:345:Infinity":76,"s:349:29:363:Infinity":77,"f:349:29:349:30":22,"s:350:4:350:Infinity":78,"s:351:4:362:Infinity":79,"f:351:17:351:18":23,"s:352:37:358:Infinity":80,"b:355:26:355:52:355:52:355:57":41,"s:359:6:359:Infinity":81,"s:360:6:360:Infinity":82,"s:361:6:361:Infinity":83,"s:365:36:379:Infinity":84,"f:365:36:365:37":24,"s:366:4:366:Infinity":85,"s:367:4:378:Infinity":86,"f:367:17:367:18":25,"s:368:37:374:Infinity":87,"b:371:26:371:55:371:55:371:60":42,"s:375:6:375:Infinity":88,"s:376:6:376:Infinity":89,"s:377:6:377:Infinity":90,"s:381:28:415:Infinity":91,"f:381:28:381:Infinity":26,"s:386:4:414:Infinity":92,"f:386:17:386:18":27,"s:387:28:387:Infinity":93,"b:387:28:387:50:387:50:387:Infinity":43,"s:388:28:390:Infinity":94,"f:389:8:389:9":28,"s:389:29:389:Infinity":95,"b:389:29:389:58:389:58:389:Infinity":44,"b:393:6:405:Infinity:400:13:405:Infinity":45,"s:393:6:405:Infinity":96,"s:394:8:394:Infinity":97,"s:395:8:399:Infinity":98,"s:401:8:404:Infinity":99,"s:407:37:411:Infinity":100,"s:412:6:412:Infinity":101,"s:413:6:413:Infinity":102,"s:417:27:440:Infinity":103,"f:417:27:417:28":29,"s:418:4:439:Infinity":104,"f:418:17:418:18":30,"s:419:38:423:Infinity":105,"s:426:29:430:Infinity":106,"b:427:13:427:34:427:34:427:39":46,"s:432:37:436:Infinity":107,"s:437:6:437:Infinity":108,"s:438:6:438:Infinity":109,"s:442:34:466:Infinity":110,"f:442:34:442:Infinity":31,"s:446:4:465:Infinity":111,"f:446:17:446:18":32,"s:447:23:447:Infinity":112,"s:448:45:454:Infinity":113,"b:451:22:451:47:451:47:451:52":47,"s:455:37:462:Infinity":114,"s:463:6:463:Infinity":115,"s:464:6:464:Infinity":116,"s:468:31:494:Infinity":117,"f:468:31:468:Infinity":33,"s:473:4:493:Infinity":118,"f:473:17:473:18":34,"s:474:23:474:Infinity":119,"s:475:51:482:Infinity":120,"b:479:19:479:41:479:41:479:46":48,"b:481:35:481:49:481:49:481:Infinity":49,"b:481:49:481:74:481:74:481:Infinity":50,"s:483:37:490:Infinity":121,"s:491:6:491:Infinity":122,"s:492:6:492:Infinity":123,"s:496:29:524:Infinity":124,"f:496:29:496:Infinity":35,"s:501:4:523:Infinity":125,"f:501:17:501:18":36,"s:502:40:507:Infinity":126,"s:510:29:514:Infinity":127,"b:511:13:511:35:511:35:511:40":51,"s:516:37:520:Infinity":128,"s:521:6:521:Infinity":129,"s:522:6:522:Infinity":130,"s:526:26:544:Infinity":131,"f:526:26:526:27":37,"s:527:4:543:Infinity":132,"f:527:17:527:18":38,"s:528:38:532:Infinity":133,"s:533:37:540:Infinity":134,"s:541:6:541:Infinity":135,"s:542:6:542:Infinity":136,"s:546:28:568:Infinity":137,"f:546:28:546:34":39,"s:547:4:567:Infinity":138,"f:547:17:547:18":40,"s:548:33:553:Infinity":139,"s:556:30:558:Infinity":140,"b:556:35:556:56:556:56:556:61":52,"s:560:37:564:Infinity":141,"s:565:6:565:Infinity":142,"s:566:6:566:Infinity":143,"s:570:27:592:Infinity":144,"f:570:27:570:28":41,"s:571:4:591:Infinity":145,"f:571:17:571:18":42,"s:572:33:577:Infinity":146,"s:580:30:582:Infinity":147,"b:580:35:580:56:580:56:580:61":53,"s:584:37:588:Infinity":148,"s:589:6:589:Infinity":149,"s:590:6:590:Infinity":150,"s:594:36:622:Infinity":151,"f:594:36:594:Infinity":43,"s:599:4:621:Infinity":152,"f:599:17:599:18":44,"s:600:33:607:Infinity":153,"s:610:30:612:Infinity":154,"b:610:35:610:56:610:56:610:61":54,"s:614:37:618:Infinity":155,"s:619:6:619:Infinity":156,"s:620:6:620:Infinity":157,"s:624:19:624:Infinity":158,"f:624:19:624:36":45,"s:624:36:624:Infinity":159,"s:626:27:626:Infinity":160,"f:626:27:626:43":46,"s:626:43:626:Infinity":161,"s:628:34:629:Infinity":162,"f:628:34:628:Infinity":47,"s:629:4:629:Infinity":163,"s:631:27:631:Infinity":164,"f:631:27:631:49":48,"s:631:49:631:Infinity":165,"s:633:26:633:Infinity":166,"f:633:26:633:47":49,"s:633:47:633:Infinity":167,"s:635:31:636:Infinity":168,"f:635:31:635:Infinity":50,"s:636:4:636:Infinity":169,"s:638:28:639:Infinity":170,"f:638:28:638:Infinity":51,"s:639:4:639:Infinity":171,"s:641:27:641:Infinity":172,"f:641:27:641:55":52,"s:641:55:641:Infinity":173,"s:643:24:643:Infinity":174,"f:643:24:643:58":53,"s:643:58:643:Infinity":175,"s:645:26:645:Infinity":176,"f:645:26:645:47":54,"s:645:47:645:Infinity":177,"s:647:26:686:Infinity":178,"f:647:26:647:27":55,"s:648:25:650:Infinity":179,"f:649:6:649:7":56,"s:649:26:649:Infinity":180,"s:651:23:651:Infinity":181,"s:652:19:654:Infinity":182,"f:653:6:653:7":57,"s:653:38:653:Infinity":183,"s:655:18:657:Infinity":184,"f:656:6:656:7":58,"s:656:33:656:Infinity":185,"s:658:20:660:Infinity":186,"f:659:6:659:7":59,"s:659:27:659:Infinity":187,"s:662:4:685:Infinity":188,"b:666:12:666:Infinity:667:12:667:Infinity":55,"f:666:41:666:42":60,"s:666:61:666:68":189,"f:668:39:668:40":61,"s:668:59:668:67":190,"f:671:8:671:9":62,"s:671:34:671:Infinity":191,"f:674:8:674:9":63,"s:674:40:674:Infinity":192,"f:678:8:678:9":64,"s:678:42:678:Infinity":193,"b:683:12:683:Infinity:684:12:684:Infinity":56,"f:683:36:683:37":65,"s:683:57:683:68":194,"s:688:25:692:Infinity":195,"f:688:25:688:31":66,"s:689:20:689:Infinity":196,"s:690:4:690:Infinity":197,"s:691:4:691:Infinity":198,"s:694:26:696:Infinity":199,"f:694:26:694:40":67,"s:695:4:695:Infinity":200,"s:698:2:728:Infinity":201,"f:725:11:725:17":68,"s:726:6:726:Infinity":202}}}
,"/home/runner/workspace/artifacts/devprep/src/hooks/useGeneratedContent.ts": {"path":"/home/runner/workspace/artifacts/devprep/src/hooks/useGeneratedContent.ts","statementMap":{"0":{"start":{"line":17,"column":18},"end":{"line":17,"column":null}},"1":{"start":{"line":18,"column":21},"end":{"line":18,"column":null}},"2":{"start":{"line":23,"column":2},"end":{"line":23,"column":null}},"3":{"start":{"line":23,"column":41},"end":{"line":23,"column":77}},"4":{"start":{"line":27,"column":2},"end":{"line":37,"column":null}},"5":{"start":{"line":28,"column":16},"end":{"line":28,"column":null}},"6":{"start":{"line":29,"column":4},"end":{"line":29,"column":null}},"7":{"start":{"line":29,"column":14},"end":{"line":29,"column":null}},"8":{"start":{"line":30,"column":30},"end":{"line":30,"column":null}},"9":{"start":{"line":31,"column":4},"end":{"line":33,"column":null}},"10":{"start":{"line":32,"column":6},"end":{"line":32,"column":null}},"11":{"start":{"line":34,"column":4},"end":{"line":34,"column":null}},"12":{"start":{"line":36,"column":4},"end":{"line":36,"column":null}},"13":{"start":{"line":38,"column":2},"end":{"line":38,"column":null}},"14":{"start":{"line":42,"column":2},"end":{"line":42,"column":null}},"15":{"start":{"line":42,"column":25},"end":{"line":42,"column":null}},"16":{"start":{"line":43,"column":2},"end":{"line":46,"column":null}},"17":{"start":{"line":44,"column":30},"end":{"line":44,"column":null}},"18":{"start":{"line":45,"column":4},"end":{"line":45,"column":null}},"19":{"start":{"line":57,"column":2},"end":{"line":57,"column":null}},"20":{"start":{"line":58,"column":8},"end":{"line":58,"column":null}},"21":{"start":{"line":59,"column":2},"end":{"line":59,"column":null}},"22":{"start":{"line":59,"column":11},"end":{"line":59,"column":null}},"23":{"start":{"line":61,"column":17},"end":{"line":63,"column":null}},"24":{"start":{"line":65,"column":45},"end":{"line":71,"column":null}},"25":{"start":{"line":73,"column":2},"end":{"line":73,"column":null}},"26":{"start":{"line":73,"column":18},"end":{"line":73,"column":null}},"27":{"start":{"line":75,"column":2},"end":{"line":90,"column":null}},"28":{"start":{"line":76,"column":48},"end":{"line":76,"column":null}},"29":{"start":{"line":77,"column":17},"end":{"line":77,"column":null}},"30":{"start":{"line":79,"column":4},"end":{"line":89,"column":null}},"31":{"start":{"line":80,"column":6},"end":{"line":88,"column":null}},"32":{"start":{"line":81,"column":23},"end":{"line":81,"column":null}},"33":{"start":{"line":82,"column":8},"end":{"line":84,"column":null}},"34":{"start":{"line":83,"column":12},"end":{"line":83,"column":null}},"35":{"start":{"line":85,"column":8},"end":{"line":85,"column":null}},"36":{"start":{"line":87,"column":8},"end":{"line":87,"column":null}},"37":{"start":{"line":92,"column":2},"end":{"line":92,"column":null}},"38":{"start":{"line":96,"column":32},"end":{"line":96,"column":null}},"39":{"start":{"line":97,"column":28},"end":{"line":97,"column":null}},"40":{"start":{"line":98,"column":24},"end":{"line":98,"column":null}},"41":{"start":{"line":100,"column":8},"end":{"line":114,"column":null}},"42":{"start":{"line":101,"column":4},"end":{"line":101,"column":null}},"43":{"start":{"line":102,"column":4},"end":{"line":102,"column":null}},"44":{"start":{"line":104,"column":4},"end":{"line":113,"column":null}},"45":{"start":{"line":105,"column":22},"end":{"line":105,"column":null}},"46":{"start":{"line":106,"column":6},"end":{"line":106,"column":null}},"47":{"start":{"line":107,"column":6},"end":{"line":107,"column":null}},"48":{"start":{"line":109,"column":6},"end":{"line":109,"column":null}},"49":{"start":{"line":110,"column":6},"end":{"line":110,"column":null}},"50":{"start":{"line":112,"column":6},"end":{"line":112,"column":null}},"51":{"start":{"line":116,"column":2},"end":{"line":124,"column":null}},"52":{"start":{"line":117,"column":19},"end":{"line":117,"column":null}},"53":{"start":{"line":118,"column":4},"end":{"line":121,"column":null}},"54":{"start":{"line":119,"column":6},"end":{"line":119,"column":null}},"55":{"start":{"line":120,"column":6},"end":{"line":120,"column":null}},"56":{"start":{"line":123,"column":4},"end":{"line":123,"column":null}},"57":{"start":{"line":126,"column":8},"end":{"line":129,"column":null}},"58":{"start":{"line":127,"column":4},"end":{"line":127,"column":null}},"59":{"start":{"line":128,"column":4},"end":{"line":128,"column":null}},"60":{"start":{"line":131,"column":2},"end":{"line":131,"column":null}}},"fnMap":{"0":{"name":"hasContent","decl":{"start":{"line":22,"column":9},"end":{"line":22,"column":20}},"loc":{"start":{"line":22,"column":56},"end":{"line":24,"column":null}},"line":22},"1":{"name":"(anonymous_1)","decl":{"start":{"line":23,"column":34},"end":{"line":23,"column":41}},"loc":{"start":{"line":23,"column":41},"end":{"line":23,"column":77}},"line":23},"2":{"name":"loadCache","decl":{"start":{"line":26,"column":9},"end":{"line":26,"column":49}},"loc":{"start":{"line":26,"column":49},"end":{"line":39,"column":null}},"line":26},"3":{"name":"saveCache","decl":{"start":{"line":41,"column":9},"end":{"line":41,"column":19}},"loc":{"start":{"line":41,"column":46},"end":{"line":47,"column":null}},"line":41},"4":{"name":"queryAllContent","decl":{"start":{"line":56,"column":15},"end":{"line":56,"column":63}},"loc":{"start":{"line":56,"column":63},"end":{"line":93,"column":null}},"line":56},"5":{"name":"useGeneratedContent","decl":{"start":{"line":95,"column":16},"end":{"line":95,"column":65}},"loc":{"start":{"line":95,"column":65},"end":{"line":132,"column":null}},"line":95},"6":{"name":"(anonymous_6)","decl":{"start":{"line":100,"column":35},"end":{"line":100,"column":47}},"loc":{"start":{"line":100,"column":47},"end":{"line":114,"column":5}},"line":100},"7":{"name":"(anonymous_7)","decl":{"start":{"line":116,"column":12},"end":{"line":116,"column":18}},"loc":{"start":{"line":116,"column":18},"end":{"line":124,"column":5}},"line":116},"8":{"name":"(anonymous_8)","decl":{"start":{"line":126,"column":30},"end":{"line":126,"column":36}},"loc":{"start":{"line":126,"column":36},"end":{"line":129,"column":5}},"line":126}},"branchMap":{"0":{"loc":{"start":{"line":23,"column":41},"end":{"line":23,"column":77}},"type":"binary-expr","locations":[{"start":{"line":23,"column":41},"end":{"line":23,"column":63}},{"start":{"line":23,"column":63},"end":{"line":23,"column":77}}],"line":23},"1":{"loc":{"start":{"line":29,"column":4},"end":{"line":29,"column":null}},"type":"if","locations":[{"start":{"line":29,"column":4},"end":{"line":29,"column":null}},{"start":{},"end":{}}],"line":29},"2":{"loc":{"start":{"line":31,"column":4},"end":{"line":33,"column":null}},"type":"if","locations":[{"start":{"line":31,"column":4},"end":{"line":33,"column":null}},{"start":{},"end":{}}],"line":31},"3":{"loc":{"start":{"line":31,"column":8},"end":{"line":31,"column":72}},"type":"binary-expr","locations":[{"start":{"line":31,"column":8},"end":{"line":31,"column":34}},{"start":{"line":31,"column":34},"end":{"line":31,"column":72}}],"line":31},"4":{"loc":{"start":{"line":42,"column":2},"end":{"line":42,"column":null}},"type":"if","locations":[{"start":{"line":42,"column":2},"end":{"line":42,"column":null}},{"start":{},"end":{}}],"line":42},"5":{"loc":{"start":{"line":59,"column":2},"end":{"line":59,"column":null}},"type":"if","locations":[{"start":{"line":59,"column":2},"end":{"line":59,"column":null}},{"start":{},"end":{}}],"line":59},"6":{"loc":{"start":{"line":73,"column":2},"end":{"line":73,"column":null}},"type":"if","locations":[{"start":{"line":73,"column":2},"end":{"line":73,"column":null}},{"start":{},"end":{}}],"line":73},"7":{"loc":{"start":{"line":79,"column":4},"end":{"line":89,"column":null}},"type":"if","locations":[{"start":{"line":79,"column":4},"end":{"line":89,"column":null}},{"start":{},"end":{}}],"line":79},"8":{"loc":{"start":{"line":79,"column":8},"end":{"line":79,"column":54}},"type":"binary-expr","locations":[{"start":{"line":79,"column":8},"end":{"line":79,"column":25}},{"start":{"line":79,"column":25},"end":{"line":79,"column":54}}],"line":79},"9":{"loc":{"start":{"line":82,"column":8},"end":{"line":84,"column":null}},"type":"if","locations":[{"start":{"line":82,"column":8},"end":{"line":84,"column":null}},{"start":{},"end":{}}],"line":82},"10":{"loc":{"start":{"line":82,"column":12},"end":{"line":82,"column":50}},"type":"binary-expr","locations":[{"start":{"line":82,"column":12},"end":{"line":82,"column":22}},{"start":{"line":82,"column":22},"end":{"line":82,"column":50}}],"line":82},"11":{"loc":{"start":{"line":109,"column":15},"end":{"line":109,"column":63}},"type":"cond-expr","locations":[{"start":{"line":109,"column":36},"end":{"line":109,"column":48}},{"start":{"line":109,"column":48},"end":{"line":109,"column":63}}],"line":109},"12":{"loc":{"start":{"line":118,"column":4},"end":{"line":121,"column":null}},"type":"if","locations":[{"start":{"line":118,"column":4},"end":{"line":121,"column":null}},{"start":{},"end":{}}],"line":118}},"s":{"0":1,"1":1,"2":0,"3":0,"4":3,"5":3,"6":3,"7":3,"8":0,"9":0,"10":0,"11":0,"12":0,"13":0,"14":0,"15":0,"16":0,"17":0,"18":0,"19":3,"20":0,"21":0,"22":0,"23":0,"24":0,"25":0,"26":0,"27":0,"28":0,"29":0,"30":0,"31":0,"32":0,"33":0,"34":0,"35":0,"36":0,"37":0,"38":6,"39":6,"40":6,"41":6,"42":3,"43":3,"44":3,"45":3,"46":0,"47":0,"48":0,"49":0,"50":0,"51":6,"52":3,"53":3,"54":0,"55":0,"56":3,"57":6,"58":0,"59":0,"60":6},"f":{"0":0,"1":0,"2":3,"3":0,"4":3,"5":6,"6":3,"7":3,"8":0},"b":{"0":[0,0],"1":[3,0],"2":[0,0],"3":[0,0],"4":[0,0],"5":[0,0],"6":[0,0],"7":[0,0],"8":[0,0],"9":[0,0],"10":[0,0],"11":[0,0],"12":[0,3]},"meta":{"lastBranch":13,"lastFunction":9,"lastStatement":61,"seen":{"s:17:18:17:Infinity":0,"s:18:21:18:Infinity":1,"f:22:9:22:20":0,"s:23:2:23:Infinity":2,"f:23:34:23:41":1,"s:23:41:23:77":3,"b:23:41:23:63:23:63:23:77":0,"f:26:9:26:49":2,"s:27:2:37:Infinity":4,"s:28:16:28:Infinity":5,"b:29:4:29:Infinity:undefined:undefined:undefined:undefined":1,"s:29:4:29:Infinity":6,"s:29:14:29:Infinity":7,"s:30:30:30:Infinity":8,"b:31:4:33:Infinity:undefined:undefined:undefined:undefined":2,"s:31:4:33:Infinity":9,"b:31:8:31:34:31:34:31:72":3,"s:32:6:32:Infinity":10,"s:34:4:34:Infinity":11,"s:36:4:36:Infinity":12,"s:38:2:38:Infinity":13,"f:41:9:41:19":3,"b:42:2:42:Infinity:undefined:undefined:undefined:undefined":4,"s:42:2:42:Infinity":14,"s:42:25:42:Infinity":15,"s:43:2:46:Infinity":16,"s:44:30:44:Infinity":17,"s:45:4:45:Infinity":18,"f:56:15:56:63":4,"s:57:2:57:Infinity":19,"s:58:8:58:Infinity":20,"b:59:2:59:Infinity:undefined:undefined:undefined:undefined":5,"s:59:2:59:Infinity":21,"s:59:11:59:Infinity":22,"s:61:17:63:Infinity":23,"s:65:45:71:Infinity":24,"b:73:2:73:Infinity:undefined:undefined:undefined:undefined":6,"s:73:2:73:Infinity":25,"s:73:18:73:Infinity":26,"s:75:2:90:Infinity":27,"s:76:48:76:Infinity":28,"s:77:17:77:Infinity":29,"b:79:4:89:Infinity:undefined:undefined:undefined:undefined":7,"s:79:4:89:Infinity":30,"b:79:8:79:25:79:25:79:54":8,"s:80:6:88:Infinity":31,"s:81:23:81:Infinity":32,"b:82:8:84:Infinity:undefined:undefined:undefined:undefined":9,"s:82:8:84:Infinity":33,"b:82:12:82:22:82:22:82:50":10,"s:83:12:83:Infinity":34,"s:85:8:85:Infinity":35,"s:87:8:87:Infinity":36,"s:92:2:92:Infinity":37,"f:95:16:95:65":5,"s:96:32:96:Infinity":38,"s:97:28:97:Infinity":39,"s:98:24:98:Infinity":40,"s:100:8:114:Infinity":41,"f:100:35:100:47":6,"s:101:4:101:Infinity":42,"s:102:4:102:Infinity":43,"s:104:4:113:Infinity":44,"s:105:22:105:Infinity":45,"s:106:6:106:Infinity":46,"s:107:6:107:Infinity":47,"s:109:6:109:Infinity":48,"b:109:36:109:48:109:48:109:63":11,"s:110:6:110:Infinity":49,"s:112:6:112:Infinity":50,"s:116:2:124:Infinity":51,"f:116:12:116:18":7,"s:117:19:117:Infinity":52,"b:118:4:121:Infinity:undefined:undefined:undefined:undefined":12,"s:118:4:121:Infinity":53,"s:119:6:119:Infinity":54,"s:120:6:120:Infinity":55,"s:123:4:123:Infinity":56,"s:126:8:129:Infinity":57,"f:126:30:126:36":8,"s:127:4:127:Infinity":58,"s:128:4:128:Infinity":59,"s:131:2:131:Infinity":60}}}
,"/home/runner/workspace/artifacts/devprep/src/hooks/useLocalStorage.ts": {"path":"/home/runner/workspace/artifacts/devprep/src/hooks/useLocalStorage.ts","statementMap":{"0":{"start":{"line":4,"column":36},"end":{"line":11,"column":null}},"1":{"start":{"line":5,"column":4},"end":{"line":10,"column":null}},"2":{"start":{"line":6,"column":19},"end":{"line":6,"column":null}},"3":{"start":{"line":7,"column":6},"end":{"line":7,"column":null}},"4":{"start":{"line":9,"column":6},"end":{"line":9,"column":null}},"5":{"start":{"line":14,"column":8},"end":{"line":27,"column":null}},"6":{"start":{"line":16,"column":6},"end":{"line":24,"column":null}},"7":{"start":{"line":17,"column":29},"end":{"line":17,"column":null}},"8":{"start":{"line":18,"column":8},"end":{"line":22,"column":null}},"9":{"start":{"line":19,"column":10},"end":{"line":19,"column":null}},"10":{"start":{"line":21,"column":10},"end":{"line":21,"column":null}},"11":{"start":{"line":23,"column":8},"end":{"line":23,"column":null}},"12":{"start":{"line":29,"column":2},"end":{"line":29,"column":null}}},"fnMap":{"0":{"name":"useLocalStorage","decl":{"start":{"line":3,"column":16},"end":{"line":3,"column":35}},"loc":{"start":{"line":3,"column":65},"end":{"line":30,"column":null}},"line":3},"1":{"name":"(anonymous_1)","decl":{"start":{"line":4,"column":52},"end":{"line":4,"column":58}},"loc":{"start":{"line":4,"column":58},"end":{"line":11,"column":3}},"line":4},"2":{"name":"(anonymous_2)","decl":{"start":{"line":15,"column":4},"end":{"line":15,"column":5}},"loc":{"start":{"line":15,"column":36},"end":{"line":25,"column":null}},"line":15},"3":{"name":"(anonymous_3)","decl":{"start":{"line":16,"column":21},"end":{"line":16,"column":29}},"loc":{"start":{"line":16,"column":29},"end":{"line":24,"column":7}},"line":16}},"branchMap":{"0":{"loc":{"start":{"line":7,"column":13},"end":{"line":7,"column":null}},"type":"cond-expr","locations":[{"start":{"line":7,"column":20},"end":{"line":7,"column":39}},{"start":{"line":7,"column":39},"end":{"line":7,"column":null}}],"line":7},"1":{"loc":{"start":{"line":17,"column":29},"end":{"line":17,"column":null}},"type":"cond-expr","locations":[{"start":{"line":17,"column":57},"end":{"line":17,"column":71}},{"start":{"line":17,"column":71},"end":{"line":17,"column":null}}],"line":17}},"s":{"0":9,"1":6,"2":6,"3":6,"4":1,"5":9,"6":3,"7":3,"8":3,"9":3,"10":1,"11":3,"12":9},"f":{"0":9,"1":6,"2":3,"3":3},"b":{"0":[2,4],"1":[1,2]},"meta":{"lastBranch":2,"lastFunction":4,"lastStatement":13,"seen":{"f:3:16:3:35":0,"s:4:36:11:Infinity":0,"f:4:52:4:58":1,"s:5:4:10:Infinity":1,"s:6:19:6:Infinity":2,"s:7:6:7:Infinity":3,"b:7:20:7:39:7:39:7:Infinity":0,"s:9:6:9:Infinity":4,"s:14:8:27:Infinity":5,"f:15:4:15:5":2,"s:16:6:24:Infinity":6,"f:16:21:16:29":3,"s:17:29:17:Infinity":7,"b:17:57:17:71:17:71:17:Infinity":1,"s:18:8:22:Infinity":8,"s:19:10:19:Infinity":9,"s:21:10:21:Infinity":10,"s:23:8:23:Infinity":11,"s:29:2:29:Infinity":12}}}
,"/home/runner/workspace/artifacts/devprep/src/hooks/useMobile.ts": {"path":"/home/runner/workspace/artifacts/devprep/src/hooks/useMobile.ts","statementMap":{"0":{"start":{"line":5,"column":30},"end":{"line":5,"column":null}},"1":{"start":{"line":7,"column":2},"end":{"line":15,"column":null}},"2":{"start":{"line":8,"column":24},"end":{"line":10,"column":null}},"3":{"start":{"line":9,"column":6},"end":{"line":9,"column":null}},"4":{"start":{"line":12,"column":4},"end":{"line":12,"column":null}},"5":{"start":{"line":13,"column":4},"end":{"line":13,"column":null}},"6":{"start":{"line":14,"column":4},"end":{"line":14,"column":null}},"7":{"start":{"line":14,"column":17},"end":{"line":14,"column":null}},"8":{"start":{"line":17,"column":2},"end":{"line":17,"column":null}}},"fnMap":{"0":{"name":"useMobile","decl":{"start":{"line":4,"column":16},"end":{"line":4,"column":28}},"loc":{"start":{"line":4,"column":28},"end":{"line":18,"column":null}},"line":4},"1":{"name":"(anonymous_1)","decl":{"start":{"line":7,"column":12},"end":{"line":7,"column":18}},"loc":{"start":{"line":7,"column":18},"end":{"line":15,"column":5}},"line":7},"2":{"name":"(anonymous_2)","decl":{"start":{"line":8,"column":24},"end":{"line":8,"column":30}},"loc":{"start":{"line":8,"column":30},"end":{"line":10,"column":null}},"line":8},"3":{"name":"(anonymous_3)","decl":{"start":{"line":14,"column":11},"end":{"line":14,"column":17}},"loc":{"start":{"line":14,"column":17},"end":{"line":14,"column":null}},"line":14}},"branchMap":{},"s":{"0":5,"1":5,"2":3,"3":3,"4":3,"5":3,"6":3,"7":3,"8":5},"f":{"0":5,"1":3,"2":3,"3":3},"b":{},"meta":{"lastBranch":0,"lastFunction":4,"lastStatement":9,"seen":{"f:4:16:4:28":0,"s:5:30:5:Infinity":0,"s:7:2:15:Infinity":1,"f:7:12:7:18":1,"s:8:24:10:Infinity":2,"f:8:24:8:30":2,"s:9:6:9:Infinity":3,"s:12:4:12:Infinity":4,"s:13:4:13:Infinity":5,"s:14:4:14:Infinity":6,"f:14:11:14:17":3,"s:14:17:14:Infinity":7,"s:17:2:17:Infinity":8}}}
,"/home/runner/workspace/artifacts/devprep/src/lib/constants.ts": {"path":"/home/runner/workspace/artifacts/devprep/src/lib/constants.ts","statementMap":{"0":{"start":{"line":7,"column":33},"end":{"line":18,"column":null}},"1":{"start":{"line":24,"column":32},"end":{"line":30,"column":null}},"2":{"start":{"line":36,"column":28},"end":{"line":46,"column":null}},"3":{"start":{"line":51,"column":34},"end":{"line":59,"column":null}},"4":{"start":{"line":62,"column":28},"end":{"line":72,"column":null}},"5":{"start":{"line":77,"column":32},"end":{"line":82,"column":null}},"6":{"start":{"line":88,"column":29},"end":{"line":92,"column":null}},"7":{"start":{"line":97,"column":34},"end":{"line":101,"column":null}}},"fnMap":{},"branchMap":{},"s":{"0":2,"1":2,"2":2,"3":2,"4":2,"5":2,"6":2,"7":2},"f":{},"b":{},"meta":{"lastBranch":0,"lastFunction":0,"lastStatement":8,"seen":{"s:7:33:18:Infinity":0,"s:24:32:30:Infinity":1,"s:36:28:46:Infinity":2,"s:51:34:59:Infinity":3,"s:62:28:72:Infinity":4,"s:77:32:82:Infinity":5,"s:88:29:92:Infinity":6,"s:97:34:101:Infinity":7}}}
,"/home/runner/workspace/artifacts/devprep/src/lib/utils.ts": {"path":"/home/runner/workspace/artifacts/devprep/src/lib/utils.ts","statementMap":{"0":{"start":{"line":5,"column":2},"end":{"line":5,"column":null}}},"fnMap":{"0":{"name":"cn","decl":{"start":{"line":4,"column":16},"end":{"line":4,"column":22}},"loc":{"start":{"line":4,"column":44},"end":{"line":6,"column":null}},"line":4}},"branchMap":{},"s":{"0":4},"f":{"0":4},"b":{},"meta":{"lastBranch":0,"lastFunction":1,"lastStatement":1,"seen":{"f:4:16:4:22":0,"s:5:2:5:Infinity":0}}}
,"/home/runner/workspace/artifacts/devprep/src/services/dbClient.ts": {"path":"/home/runner/workspace/artifacts/devprep/src/services/dbClient.ts","statementMap":{"0":{"start":{"line":13,"column":31},"end":{"line":13,"column":null}},"1":{"start":{"line":14,"column":49},"end":{"line":14,"column":null}},"2":{"start":{"line":15,"column":20},"end":{"line":15,"column":null}},"3":{"start":{"line":16,"column":30},"end":{"line":16,"column":null}},"4":{"start":{"line":25,"column":49},"end":{"line":25,"column":null}},"5":{"start":{"line":28,"column":16},"end":{"line":28,"column":null}},"6":{"start":{"line":29,"column":2},"end":{"line":29,"column":null}},"7":{"start":{"line":29,"column":32},"end":{"line":29,"column":47}},"8":{"start":{"line":33,"column":2},"end":{"line":38,"column":null}},"9":{"start":{"line":42,"column":2},"end":{"line":42,"column":null}},"10":{"start":{"line":43,"column":2},"end":{"line":43,"column":null}},"11":{"start":{"line":44,"column":2},"end":{"line":44,"column":null}},"12":{"start":{"line":44,"column":15},"end":{"line":44,"column":null}},"13":{"start":{"line":50,"column":15},"end":{"line":50,"column":null}},"14":{"start":{"line":51,"column":18},"end":{"line":51,"column":null}},"15":{"start":{"line":52,"column":33},"end":{"line":52,"column":null}},"16":{"start":{"line":53,"column":2},"end":{"line":53,"column":null}},"17":{"start":{"line":53,"column":39},"end":{"line":53,"column":47}},"18":{"start":{"line":59,"column":2},"end":{"line":59,"column":null}},"19":{"start":{"line":59,"column":27},"end":{"line":59,"column":null}},"20":{"start":{"line":60,"column":2},"end":{"line":60,"column":null}},"21":{"start":{"line":60,"column":19},"end":{"line":60,"column":null}},"22":{"start":{"line":62,"column":2},"end":{"line":62,"column":null}},"23":{"start":{"line":63,"column":2},"end":{"line":63,"column":null}},"24":{"start":{"line":67,"column":2},"end":{"line":119,"column":null}},"25":{"start":{"line":68,"column":16},"end":{"line":68,"column":null}},"26":{"start":{"line":70,"column":17},"end":{"line":70,"column":null}},"27":{"start":{"line":71,"column":4},"end":{"line":84,"column":null}},"28":{"start":{"line":72,"column":19},"end":{"line":72,"column":null}},"29":{"start":{"line":73,"column":18},"end":{"line":73,"column":null}},"30":{"start":{"line":74,"column":23},"end":{"line":74,"column":null}},"31":{"start":{"line":75,"column":6},"end":{"line":81,"column":null}},"32":{"start":{"line":76,"column":23},"end":{"line":76,"column":null}},"33":{"start":{"line":77,"column":8},"end":{"line":80,"column":null}},"34":{"start":{"line":78,"column":10},"end":{"line":78,"column":null}},"35":{"start":{"line":79,"column":10},"end":{"line":79,"column":null}},"36":{"start":{"line":83,"column":6},"end":{"line":83,"column":null}},"37":{"start":{"line":86,"column":4},"end":{"line":109,"column":null}},"38":{"start":{"line":87,"column":6},"end":{"line":87,"column":null}},"39":{"start":{"line":88,"column":6},"end":{"line":102,"column":null}},"40":{"start":{"line":103,"column":6},"end":{"line":103,"column":null}},"41":{"start":{"line":104,"column":6},"end":{"line":104,"column":null}},"42":{"start":{"line":105,"column":6},"end":{"line":105,"column":null}},"43":{"start":{"line":106,"column":6},"end":{"line":106,"column":null}},"44":{"start":{"line":107,"column":6},"end":{"line":107,"column":null}},"45":{"start":{"line":108,"column":6},"end":{"line":108,"column":null}},"46":{"start":{"line":111,"column":4},"end":{"line":111,"column":null}},"47":{"start":{"line":112,"column":4},"end":{"line":112,"column":null}},"48":{"start":{"line":113,"column":4},"end":{"line":113,"column":null}},"49":{"start":{"line":114,"column":4},"end":{"line":114,"column":null}},"50":{"start":{"line":116,"column":4},"end":{"line":116,"column":null}},"51":{"start":{"line":117,"column":4},"end":{"line":117,"column":null}},"52":{"start":{"line":118,"column":4},"end":{"line":118,"column":null}},"53":{"start":{"line":123,"column":17},"end":{"line":123,"column":null}},"54":{"start":{"line":124,"column":17},"end":{"line":124,"column":null}},"55":{"start":{"line":126,"column":2},"end":{"line":126,"column":null}},"56":{"start":{"line":126,"column":17},"end":{"line":126,"column":null}},"57":{"start":{"line":128,"column":19},"end":{"line":128,"column":null}},"58":{"start":{"line":129,"column":14},"end":{"line":129,"column":null}},"59":{"start":{"line":131,"column":2},"end":{"line":147,"column":null}},"60":{"start":{"line":132,"column":4},"end":{"line":146,"column":null}},"61":{"start":{"line":158,"column":2},"end":{"line":523,"column":null}},"62":{"start":{"line":527,"column":2},"end":{"line":527,"column":null}},"63":{"start":{"line":543,"column":2},"end":{"line":543,"column":null}},"64":{"start":{"line":543,"column":11},"end":{"line":543,"column":null}},"65":{"start":{"line":544,"column":2},"end":{"line":567,"column":null}},"66":{"start":{"line":545,"column":19},"end":{"line":550,"column":null}},"67":{"start":{"line":551,"column":4},"end":{"line":551,"column":null}},"68":{"start":{"line":551,"column":53},"end":{"line":551,"column":null}},"69":{"start":{"line":552,"column":4},"end":{"line":564,"column":null}},"70":{"start":{"line":552,"column":40},"end":{"line":564,"column":6}},"71":{"start":{"line":562,"column":8},"end":{"line":562,"column":null}},"72":{"start":{"line":562,"column":14},"end":{"line":562,"column":60}},"73":{"start":{"line":562,"column":70},"end":{"line":562,"column":80}},"74":{"start":{"line":566,"column":4},"end":{"line":566,"column":null}},"75":{"start":{"line":571,"column":2},"end":{"line":578,"column":null}},"76":{"start":{"line":572,"column":4},"end":{"line":572,"column":null}},"77":{"start":{"line":573,"column":4},"end":{"line":573,"column":null}},"78":{"start":{"line":574,"column":4},"end":{"line":574,"column":null}},"79":{"start":{"line":575,"column":4},"end":{"line":575,"column":null}},"80":{"start":{"line":576,"column":4},"end":{"line":576,"column":null}},"81":{"start":{"line":577,"column":4},"end":{"line":577,"column":null}},"82":{"start":{"line":596,"column":28},"end":{"line":596,"column":null}},"83":{"start":{"line":597,"column":2},"end":{"line":603,"column":null}},"84":{"start":{"line":598,"column":4},"end":{"line":602,"column":null}},"85":{"start":{"line":599,"column":6},"end":{"line":599,"column":null}},"86":{"start":{"line":601,"column":6},"end":{"line":601,"column":null}},"87":{"start":{"line":604,"column":2},"end":{"line":616,"column":null}},"88":{"start":{"line":620,"column":2},"end":{"line":620,"column":null}},"89":{"start":{"line":620,"column":11},"end":{"line":620,"column":null}},"90":{"start":{"line":621,"column":15},"end":{"line":621,"column":null}},"91":{"start":{"line":622,"column":2},"end":{"line":622,"column":null}},"92":{"start":{"line":623,"column":35},"end":{"line":623,"column":null}},"93":{"start":{"line":624,"column":2},"end":{"line":626,"column":null}},"94":{"start":{"line":625,"column":4},"end":{"line":625,"column":null}},"95":{"start":{"line":627,"column":2},"end":{"line":627,"column":null}},"96":{"start":{"line":628,"column":2},"end":{"line":628,"column":null}},"97":{"start":{"line":632,"column":2},"end":{"line":632,"column":null}},"98":{"start":{"line":632,"column":11},"end":{"line":632,"column":null}},"99":{"start":{"line":633,"column":15},"end":{"line":633,"column":null}},"10
[...]
"(anonymous_1)","decl":{"start":{"line":29,"column":20},"end":{"line":29,"column":32}},"loc":{"start":{"line":29,"column":32},"end":{"line":29,"column":47}},"line":29},"2":{"name":"getDbState","decl":{"start":{"line":32,"column":16},"end":{"line":32,"column":38}},"loc":{"start":{"line":32,"column":38},"end":{"line":39,"column":null}},"line":32},"3":{"name":"subscribeDbState","decl":{"start":{"line":41,"column":16},"end":{"line":41,"column":33}},"loc":{"start":{"line":41,"column":81},"end":{"line":45,"column":null}},"line":41},"4":{"name":"(anonymous_4)","decl":{"start":{"line":44,"column":9},"end":{"line":44,"column":15}},"loc":{"start":{"line":44,"column":15},"end":{"line":44,"column":null}},"line":44},"5":{"name":"loadSqlJs","decl":{"start":{"line":47,"column":15},"end":{"line":47,"column":null}},"loc":{"start":{"line":49,"column":3},"end":{"line":56,"column":null}},"line":49},"6":{"name":"(anonymous_6)","decl":{"start":{"line":53,"column":33},"end":{"line":53,"column":39}},"loc":{"start":{"line":53,"column":39},"end":{"line":53,"column":47}},"line":53},"7":{"name":"initDatabase","decl":{"start":{"line":58,"column":22},"end":{"line":58,"column":61}},"loc":{"start":{"line":58,"column":61},"end":{"line":64,"column":null}},"line":58},"8":{"name":"doInit","decl":{"start":{"line":66,"column":15},"end":{"line":66,"column":48}},"loc":{"start":{"line":66,"column":48},"end":{"line":120,"column":null}},"line":66},"9":{"name":"seedDatabase","decl":{"start":{"line":122,"column":15},"end":{"line":122,"column":28}},"loc":{"start":{"line":122,"column":68},"end":{"line":148,"column":null}},"line":122},"10":{"name":"getSeedData","decl":{"start":{"line":150,"column":9},"end":{"line":150,"column":null}},"loc":{"start":{"line":157,"column":3},"end":{"line":524,"column":null}},"line":157},"11":{"name":"getDatabase","decl":{"start":{"line":526,"column":16},"end":{"line":526,"column":52}},"loc":{"start":{"line":526,"column":52},"end":{"line":528,"column":null}},"line":526},"12":{"name":"getChannelsFromDb","decl":{"start":{"line":542,"column":16},"end":{"line":542,"column":60}},"loc":{"start":{"line":542,"column":60},"end":{"line":568,"column":null}},"line":542},"13":{"name":"(anonymous_13)","decl":{"start":{"line":552,"column":32},"end":{"line":552,"column":40}},"loc":{"start":{"line":552,"column":40},"end":{"line":564,"column":6}},"line":552},"14":{"name":"(anonymous_14)","decl":{"start":{"line":561,"column":18},"end":{"line":561,"column":24}},"loc":{"start":{"line":561,"column":24},"end":{"line":563,"column":9}},"line":561},"15":{"name":"closeDatabase","decl":{"start":{"line":570,"column":16},"end":{"line":570,"column":38}},"loc":{"start":{"line":570,"column":38},"end":{"line":579,"column":null}},"line":570},"16":{"name":"parseRecord","decl":{"start":{"line":595,"column":9},"end":{"line":595,"column":21}},"loc":{"start":{"line":595,"column":66},"end":{"line":617,"column":null}},"line":595},"17":{"name":"getContentByType","decl":{"start":{"line":619,"column":16},"end":{"line":619,"column":33}},"loc":{"start":{"line":619,"column":64},"end":{"line":629,"column":null}},"line":619},"18":{"name":"getContentByChannel","decl":{"start":{"line":631,"column":16},"end":{"line":631,"column":36}},"loc":{"start":{"line":631,"column":72},"end":{"line":641,"column":null}},"line":631},"19":{"name":"getContentByTags","decl":{"start":{"line":643,"column":16},"end":{"line":643,"column":33}},"loc":{"start":{"line":643,"column":66},"end":{"line":663,"column":null}},"line":643},"20":{"name":"(anonymous_20)","decl":{"start":{"line":657,"column":18},"end":{"line":657,"column":25}},"loc":{"start":{"line":657,"column":25},"end":{"line":657,"column":47}},"line":657},"21":{"name":"searchContent","decl":{"start":{"line":665,"column":16},"end":{"line":665,"column":30}},"loc":{"start":{"line":665,"column":62},"end":{"line":685,"column":null}},"line":665},"22":{"name":"getAllContent","decl":{"start":{"line":687,"column":16},"end":{"line":687,"column":49}},"loc":{"start":{"line":687,"column":49},"end":{"line":699,"column":null}},"line":687}},"branchMap":{"0":{"loc":{"start":{"line":34,"column":13},"end":{"line":34,"column":null}},"type":"binary-expr","locations":[{"start":{"line":34,"column":13},"end":{"line":34,"column":30}},{"start":{"line":34,"column":30},"end":{"line":34,"column":45}},{"start":{"line":34,"column":45},"end":{"line":34,"column":null}}],"line":34},"1":{"loc":{"start":{"line":35,"column":15},"end":{"line":35,"column":null}},"type":"binary-expr","locations":[{"start":{"line":35,"column":15},"end":{"line":35,"column":39}},{"start":{"line":35,"column":39},"end":{"line":35,"column":null}}],"line":35},"2":{"loc":{"start":{"line":50,"column":15},"end":{"line":50,"column":null}},"type":"binary-expr","locations":[{"start":{"line":50,"column":15},"end":{"line":50,"column":43}},{"start":{"line":50,"column":43},"end":{"line":50,"column":null}}],"line":50},"3":{"loc":{"start":{"line":51,"column":18},"end":{"line":51,"column":null}},"type":"cond-expr","locations":[{"start":{"line":51,"column":39},"end":{"line":51,"column":64}},{"start":{"line":51,"column":64},"end":{"line":51,"column":null}}],"line":51},"4":{"loc":{"start":{"line":59,"column":2},"end":{"line":59,"column":null}},"type":"if","locations":[{"start":{"line":59,"column":2},"end":{"line":59,"column":null}},{"start":{},"end":{}}],"line":59},"5":{"loc":{"start":{"line":59,"column":6},"end":{"line":59,"column":27}},"type":"binary-expr","locations":[{"start":{"line":59,"column":6},"end":{"line":59,"column":12}},{"start":{"line":59,"column":12},"end":{"line":59,"column":27}}],"line":59},"6":{"loc":{"start":{"line":60,"column":2},"end":{"line":60,"column":null}},"type":"if","locations":[{"start":{"line":60,"column":2},"end":{"line":60,"column":null}},{"start":{},"end":{}}],"line":60},"7":{"loc":{"start":{"line":72,"column":19},"end":{"line":72,"column":null}},"type":"binary-expr","locations":[{"start":{"line":72,"column":19},"end":{"line":72,"column":47}},{"start":{"line":72,"column":47},"end":{"line":72,"column":null}}],"line":72},"8":{"loc":{"start":{"line":73,"column":18},"end":{"line":73,"column":null}},"type":"cond-expr","locations":[{"start":{"line":73,"column":39},"end":{"line":73,"column":61}},{"start":{"line":73,"column":61},"end":{"line":73,"column":null}}],"line":73},"9":{"loc":{"start":{"line":75,"column":6},"end":{"line":81,"column":null}},"type":"if","locations":[{"start":{"line":75,"column":6},"end":{"line":81,"column":null}},{"start":{},"end":{}}],"line":75},"10":{"loc":{"start":{"line":77,"column":8},"end":{"line":80,"column":null}},"type":"if","locations":[{"start":{"line":77,"column":8},"end":{"line":80,"column":null}},{"start":{},"end":{}}],"line":77},"11":{"loc":{"start":{"line":86,"column":4},"end":{"line":109,"column":null}},"type":"if","locations":[{"start":{"line":86,"column":4},"end":{"line":109,"column":null}},{"start":{},"end":{}}],"line":86},"12":{"loc":{"start":{"line":116,"column":16},"end":{"line":116,"column":null}},"type":"cond-expr","locations":[{"start":{"line":116,"column":41},"end":{"line":116,"column":49}},{"start":{"line":116,"column":49},"end":{"line":116,"column":null}}],"line":116},"13":{"loc":{"start":{"line":124,"column":17},"end":{"line":124,"column":null}},"type":"binary-expr","locations":[{"start":{"line":124,"column":17},"end":{"line":124,"column":57}},{"start":{"line":124,"column":57},"end":{"line":124,"column":null}}],"line":124},"14":{"loc":{"start":{"line":126,"column":2},"end":{"line":126,"column":null}},"type":"if","locations":[{"start":{"line":126,"column":2},"end":{"line":126,"column":null}},{"start":{},"end":{}}],"line":126},"15":{"loc":{"start":{"line":543,"column":2},"end":{"line":543,"column":null}},"type":"if","locations":[{"start":{"line":543,"column":2},"end":{"line":543,"column":null}},{"start":{},"end":{}}],"line":543},"16":{"loc":{"start":{"line":551,"column":4},"end":{"line":551,"column":null}},"type":"if","locations":[{"start":{"line":551,"column":4},"end":{"line":551,"column":null}},{"start":{},"end":{}}],"line":551},"17":{"loc":{"start":{"line":551,"column":8},"end":{"line":551,"column":53}},"type":"binary-expr","locations":[{"start":{"line":551,"column":8},"end":{"line":551,"column":22}},{"start":{"line":551,"column":22},"end":{"line":551,"column":53}}],"line":551},"18":{"loc":{"start":{"line":559,"column":17},"end":{"line":559,"column":null}},"type":"binary-expr","locations":[{"start":{"line":559,"column":17},"end":{"line":559,"column":45}},{"start":{"line":559,"column":45},"end":{"line":559,"column":null}}],"line":559},"19":{"loc":{"start":{"line":560,"column":20},"end":{"line":560,"column":null}},"type":"binary-expr","locations":[{"start":{"line":560,"column":20},"end":{"line":560,"column":41}},{"start":{"line":560,"column":41},"end":{"line":560,"column":null}}],"line":560},"20":{"loc":{"start":{"line":562,"column":33},"end":{"line":562,"column":58}},"type":"binary-expr","locations":[{"start":{"line":562,"column":33},"end":{"line":562,"column":54}},{"start":{"line":562,"column":54},"end":{"line":562,"column":58}}],"line":562},"21":{"loc":{"start":{"line":571,"column":2},"end":{"line":578,"column":null}},"type":"if","locations":[{"start":{"line":571,"column":2},"end":{"line":578,"column":null}},{"start":{},"end":{}}],"line":571},"22":{"loc":{"start":{"line":597,"column":2},"end":{"line":603,"column":null}},"type":"if","locations":[{"start":{"line":597,"column":2},"end":{"line":603,"column":null}},{"start":{},"end":{}}],"line":597},"23":{"loc":{"start":{"line":620,"column":2},"end":{"line":620,"column":null}},"type":"if","locations":[{"start":{"line":620,"column":2},"end":{"line":620,"column":null}},{"start":{},"end":{}}],"line":620},"24":{"loc":{"start":{"line":632,"column":2},"end":{"line":632,"column":null}},"type":"if","locations":[{"start":{"line":632,"column":2},"end":{"line":632,"column":null}},{"start":{},"end":{}}],"line":632},"25":{"loc":{"start":{"line":644,"column":2},"end":{"line":644,"column":null}},"type":"if","locations":[{"start":{"line":644,"column":2},"end":{"line":644,"column":null}},{"start":{},"end":{}}],"line":644},"26":{"loc":{"start":{"line":644,"column":6},"end":{"line":644,"column":32}},"type":"binary-expr","locations":[{"start":{"line":644,"column":6},"end":{"line":644,"column":13}},{"start":{"line":644,"column":13},"end":{"line":644,"column":32}}],"line":644},"27":{"loc":{"start":{"line":652,"column":19},"end":{"line":652,"column":null}},"type":"cond-expr","locations":[{"start":{"line":652,"column":50},"end":{"line":652,"column":73}},{"start":{"line":652,"column":73},"end":{"line":652,"column":null}}],"line":652},"28":{"loc":{"start":{"line":653,"column":18},"end":{"line":653,"column":null}},"type":"binary-expr","locations":[{"start":{"line":653,"column":18},"end":{"line":653,"column":45}},{"start":{"line":653,"column":45},"end":{"line":653,"column":null}}],"line":653},"29":{"loc":{"start":{"line":657,"column":4},"end":{"line":659,"column":null}},"type":"if","locations":[{"start":{"line":657,"column":4},"end":{"line":659,"column":null}},{"start":{},"end":{}}],"line":657},"30":{"loc":{"start":{"line":666,"column":2},"end":{"line":666,"column":null}},"type":"if","locations":[{"start":{"line":666,"column":2},"end":{"line":666,"column":null}},{"start":{},"end":{}}],"line":666},"31":{"loc":{"start":{"line":666,"column":6},"end":{"line":666,"column":28}},"type":"binary-expr","locations":[{"start":{"line":666,"column":6},"end":{"line":666,"column":13}},{"start":{"line":666,"column":13},"end":{"line":666,"column":28}}],"line":666},"32":{"loc":{"start":{"line":674,"column":19},"end":{"line":674,"column":null}},"type":"cond-expr","locations":[{"start":{"line":674,"column":50},"end":{"line":674,"column":73}},{"start":{"line":674,"column":73},"end":{"line":674,"column":null}}],"line":674},"33":{"loc":{"start":{"line":676,"column":6},"end":{"line":678,"column":null}},"type":"if","locations":[{"start":{"line":676,"column":6},"end":{"line":678,"column":null}},{"start":{},"end":{}}],"line":676},"34":{"loc":{"start":{"line":688,"column":2},"end":{"line":688,"column":null}},"type":"if","locations":[{"start":{"line":688,"column":2},"end":{"line":688,"column":null}},{"start":{},"end":{}}],"line":688}},"s":{"0":1,"1":1,"2":1,"3":1,"4":1,"5":0,"6":0,"7":0,"8":0,"9":0,"10":0,"11":0,"12":0,"13":1,"14":1,"15":1,"16":0,"17":0,"18":3,"19":0,"20":3,"21":2,"22":1,"23":1,"24":1,"25":1,"26":0,"27":0,"28":0,"29":1,"30":1,"31":0,"32":0,"33":0,"34":0,"35":0,"36":0,"37":0,"38":0,"39":0,"40":0,"41":0,"42":0,"43":0,"44":0,"45":0,"46":0,"47":0,"48":0,"49":0,"50":0,"51":0,"52":0,"53":0,"54":0,"55":0,"56":0,"57":0,"58":0,"59":0,"60":0,"61":0,"62":0,"63":0,"64":0,"65":0,"66":0,"67":0,"68":0,"69":0,"70":0,"71":0,"72":0,"73":0,"74":0,"75":0,"76":0,"77":0,"78":0,"79":0,"80":0,"81":0,"82":0,"83":0,"84":0,"85":0,"86":0,"87":0,"88":0,"89":0,"90":0,"91":0,"92":0,"93":0,"94":0,"95":0,"96":0,"97":0,"98":0,"99":0,"100":0,"101":0,"102":0,"103":0,"104":0,"105":0,"106":0,"107":0,"108":0,"109":0,"110":0,"111":0,"112":0,"113":0,"114":0,"115":0,"116":0,"117":0,"118":0,"119":0,"120":0,"121":0,"122":0,"123":0,"124":0,"125":0,"126":0,"127":0,"128":0,"129":0,"130":0,"131":0,"132":0,"133":0,"134":0,"135":0,"136":0,"137":0,"138":0,"139":0,"140":0,"141":0,"142":0,"143":0,"144":0,"145":0,"146":0,"147":0},"f":{"0":0,"1":0,"2":0,"3":0,"4":0,"5":1,"6":0,"7":3,"8":1,"9":0,"10":0,"11":0,"12":0,"13":0,"14":0,"15":0,"16":0,"17":0,"18":0,"19":0,"20":0,"21":0,"22":0},"b":{"0":[0,0,0],"1":[0,0],"2":[1,0],"3":[1,0],"4":[0,3],"5":[3,0],"6":[2,1],"7":[0,0],"8":[0,0],"9":[0,0],"10":[0,0],"11":[0,0],"12":[0,0],"13":[0,0],"14":[0,0],"15":[0,0],"16":[0,0],"17":[0,0],"18":[0,0],"19":[0,0],"20":[0,0],"21":[0,0],"22":[0,0],"23":[0,0],"24":[0,0],"25":[0,0],"26":[0,0],"27":[0,0],"28":[0,0],"29":[0,0],"30":[0,0],"31":[0,0],"32":[0,0],"33":[0,0],"34":[0,0]},"meta":{"lastBranch":35,"lastFunction":23,"lastStatement":148,"seen":{"s:13:31:13:Infinity":0,"s:14:49:14:Infinity":1,"s:15:20:15:Infinity":2,"s:16:30:16:Infinity":3,"s:25:49:25:Infinity":4,"f:27:9:27:27":0,"s:28:16:28:Infinity":5,"s:29:2:29:Infinity":6,"f:29:20:29:32":1,"s:29:32:29:47":7,"f:32:16:32:38":2,"s:33:2:38:Infinity":8,"b:34:13:34:30:34:30:34:45:34:45:34:Infinity":0,"b:35:15:35:39:35:39:35:Infinity":1,"f:41:16:41:33":3,"s:42:2:42:Infinity":9,"s:43:2:43:Infinity":10,"s:44:2:44:Infinity":11,"f:44:9:44:15":4,"s:44:15:44:Infinity":12,"f:47:15:47:Infinity":5,"s:50:15:50:Infinity":13,"b:50:15:50:43:50:43:50:Infinity":2,"s:51:18:51:Infinity":14,"b:51:39:51:64:51:64:51:Infinity":3,"s:52:33:52:Infinity":15,"s:53:2:53:Infinity":16,"f:53:33:53:39":6,"s:53:39:53:47":17,"f:58:22:58:61":7,"b:59:2:59:Infinity:undefined:undefined:undefined:undefined":4,"s:59:2:59:Infinity":18,"b:59:6:59:12:59:12:59:27":5,"s:59:27:59:Infinity":19,"b:60:2:60:Infinity:undefined:undefined:undefined:undefined":6,"s:60:2:60:Infinity":20,"s:60:19:60:Infinity":21,"s:62:2:62:Infinity":22,"s:63:2:63:Infinity":23,"f:66:15:66:48":8,"s:67:2:119:Infinity":24,"s:68:16:68:Infinity":25,"s:70:17:70:Infinity":26,"s:71:4:84:Infinity":27,"s:72:19:72:Infinity":28,"b:72:19:72:47:72:47:72:Infinity":7,"s:73:18:73:Infinity":29,"b:73:39:73:61:73:61:73:Infinity":8,"s:74:23:74:Infinity":30,"b:75:6:81:Infinity:undefined:undefined:undefined:undefined":9,"s:75:6:81:Infinity":31,"s:76:23:76:Infinity":32,"b:77:8:80:Infinity:undefined:undefined:undefined:undefined":10,"s:77:8:80:Infinity":33,"s:78:10:78:Infinity":34,"s:79:10:79:Infinity":35,"s:83:6:83:Infinity":36,"b:86:4:109:Infinity:undefined:undefined:undefined:undefined":11,"s:86:4:109:Infinity":37,"s:87:6:87:Infinity":38,"s:88:6:102:Infinity":39,"s:103:6:103:Infinity":40,"s:104:6:104:Infinity":41,"s:105:6:105:Infinity":42,"s:106:6:106:Infinity":43,"s:107:6:107:Infinity":44,"s:108:6:108:Infinity":45,"s:111:4:111:Infinity":46,"s:112:4:112:Infinity":47,"s:113:4:113:Infinity":48,"s:114:4:114:Infinity":49,"s:116:4:116:Infinity":50,"b:116:41:116:49:116:49:116:Infinity":12,"s:117:4:117:Infinity":51,"s:118:4:118:Infinity":52,"f:122:15:122:28":9,"s:123:17:123:Infinity":53,"s:124:17:124:Infinity":54,"b:124:17:124:57:124:57:124:Infinity":13,"b:126:2:126:Infinity:undefined:undefined:undefined:undefined":14,"s:126:2:126:Infinity":55,"s:126:17:126:Infinity":56,"s:128:19:128:Infinity":57,"s:129:14:129:Infinity":58,"s:131:2:147:Infinity":59,"s:132:4:146:Infinity":60,"f:150:9:150:Infinity":10,"s:158:2:523:Infinity":61,"f:526:16:526:52":11,"s:527:2:527:Infinity":62,"f:542:16:542:60":12,"b:543:2:543:Infinity:undefined:undefined:undefined:undefined":15,"s:543:2:543:Infinity":63,"s:543:11:543:Infinity":64,"s:544:2:567:Infinity":65,"s:545:19:550:Infinity":66,"b:551:4:551:Infinity:undefined:undefined:undefined:undefined":16,"s:551:4:551:Infinity":67,"b:551:8:551:22:551:22:551:53":17,"s:551:53:551:Infinity":68,"s:552:4:564:Infinity":69,"f:552:32:552:40":13,"s:552:40:564:6":70,"b:559:17:559:45:559:45:559:Infinity":18,"b:560:20:560:41:560:41:560:Infinity":19,"f:561:18:561:24":14,"s:562:8:562:Infinity":71,"s:562:14:562:60":72,"b:562:33:562:54:562:54:562:58":20,"s:562:70:562:80":73,"s:566:4:566:Infinity":74,"f:570:16:570:38":15,"b:571:2:578:Infinity:undefined:undefined:undefined:undefined":21,"s:571:2:578:Infinity":75,"s:572:4:572:Infinity":76,"s:573:4:573:Infinity":77,"s:574:4:574:Infinity":78,"s:575:4:575:Infinity":79,"s:576:4:576:Infinity":80,"s:577:4:577:Infinity":81,"f:595:9:595:21":16,"s:596:28:596:Infinity":82,"b:597:2:603:Infinity:undefined:undefined:undefined:undefined":22,"s:597:2:603:Infinity":83,"s:598:4:602:Infinity":84,"s:599:6:599:Infinity":85,"s:601:6:601:Infinity":86,"s:604:2:616:Infinity":87,"f:619:16:619:33":17,"b:620:2:620:Infinity:undefined:undefined:undefined:undefined":23,"s:620:2:620:Infinity":88,"s:620:11:620:Infinity":89,"s:621:15:621:Infinity":90,"s:622:2:622:Infinity":91,"s:623:35:623:Infinity":92,"s:624:2:626:Infinity":93,"s:625:4:625:Infinity":94,"s:627:2:627:Infinity":95,"s:628:2:628:Infinity":96,"f:631:16:631:36":18,"b:632:2:632:Infinity:undefined:undefined:undefined:undefined":24,"s:632:2:632:Infinity":97,"s:632:11:632:Infinity":98,"s:633:15:633:Infinity":99,"s:634:2:634:Infinity":100,"s:635:35:635:Infinity":101,"s:636:2:638:Infinity":102,"s:637:4:637:Infinity":103,"s:639:2:639:Infinity":104,"s:640:2:640:Infinity":105,"f:643:16:643:33":19,"b:644:2:644:Infinity:undefined:undefined:undefined:undefined":25,"s:644:2:644:Infinity":106,"b:644:6:644:13:644:13:644:32":26,"s:644:32:644:Infinity":107,"s:645:15:645:Infinity":108,"s:646:2:646:Infinity":109,"s:647:35:647:Infinity":110,"s:648:2:660:Infinity":111,"s:649:16:649:Infinity":112,"s:650:29:650:Infinity":113,"s:651:4:656:Infinity":114,"s:652:19:652:Infinity":115,"b:652:50:652:73:652:73:652:Infinity":27,"s:653:6:653:Infinity":116,"b:653:18:653:45:653:45:653:Infinity":28,"s:655:6:655:Infinity":117,"b:657:4:659:Infinity:undefined:undefined:undefined:undefined":29,"s:657:4:659:Infinity":118,"f:657:18:657:25":20,"s:657:25:657:47":119,"s:658:6:658:Infinity":120,"s:661:2:661:Infinity":121,"s:662:2:662:Infinity":122,"f:665:16:665:30":21,"b:666:2:666:Infinity:undefined:undefined:undefined:undefined":30,"s:666:2:666:Infinity":123,"b:666:6:666:13:666:13:666:28":31,"s:666:28:666:Infinity":124,"s:667:21:667:Infinity":125,"s:668:15:668:Infinity":126,"s:669:2:669:Infinity":127,"s:670:35:670:Infinity":128,"s:671:2:682:Infinity":129,"s:672:16:672:Infinity":130,"s:673:4:681:Infinity":131,"s:674:19:674:Infinity":132,"b:674:50:674:73:674:73:674:Infinity":32,"s:675:29:675:Infinity":133,"b:676:6:678:Infinity:undefined:undefined:undefined:undefined":33,"s:676:6:678:Infinity":134,"s:677:8:677:Infinity":135,"s:680:6:680:Infinity":136,"s:683:2:683:Infinity":137,"s:684:2:684:Infinity":138,"f:687:16:687:49":22,"b:688:2:688:Infinity:undefined:undefined:undefined:undefined":34,"s:688:2:688:Infinity":139,"s:688:11:688:Infinity":140,"s:689:15:691:Infinity":141,"s:692:2:692:Infinity":142,"s:693:35:693:Infinity":143,"s:694:2:696:Infinity":144,"s:695:4:695:Infinity":145,"s:697:2:697:Infinity":146,"s:698:2:698:Infinity":147}}}
}
