TN:
SF:src/hooks/useAnalytics.ts
FN:8,(anonymous_0)
FN:23,(anonymous_1)
FN:28,(anonymous_2)
FN:32,(anonymous_3)
FN:38,(anonymous_4)
FN:44,(anonymous_5)
FN:50,(anonymous_6)
FN:152,generateUserId
FN:160,getDateKey
FN:164,calculateStreak
FN:187,pruneOldData
FN:196,(anonymous_11)
FN:204,(anonymous_12)
FN:215,loadAnalytics
FN:234,createInitialData
FN:260,migrateAnalytics
FN:294,saveAnalytics
FN:310,useAnalytics
FN:311,(anonymous_18)
FN:315,(anonymous_19)
FN:322,(anonymous_20)
FN:323,(anonymous_21)
FN:349,(anonymous_22)
FN:351,(anonymous_23)
FN:365,(anonymous_24)
FN:367,(anonymous_25)
FN:381,(anonymous_26)
FN:386,(anonymous_27)
FN:389,(anonymous_28)
FN:417,(anonymous_29)
FN:418,(anonymous_30)
FN:442,(anonymous_31)
FN:446,(anonymous_32)
FN:468,(anonymous_33)
FN:473,(anonymous_34)
FN:496,(anonymous_35)
FN:501,(anonymous_36)
FN:526,(anonymous_37)
FN:527,(anonymous_38)
FN:546,(anonymous_39)
FN:547,(anonymous_40)
FN:570,(anonymous_41)
FN:571,(anonymous_42)
FN:594,(anonymous_43)
FN:599,(anonymous_44)
FN:624,(anonymous_45)
FN:626,(anonymous_46)
FN:628,(anonymous_47)
FN:631,(anonymous_48)
FN:633,(anonymous_49)
FN:635,(anonymous_50)
FN:638,(anonymous_51)
FN:641,(anonymous_52)
FN:643,(anonymous_53)
FN:645,(anonymous_54)
FN:647,(anonymous_55)
FN:649,(anonymous_56)
FN:653,(anonymous_57)
FN:656,(anonymous_58)
FN:659,(anonymous_59)
FN:666,(anonymous_60)
FN:668,(anonymous_61)
FN:671,(anonymous_62)
FN:674,(anonymous_63)
FN:678,(anonymous_64)
FN:683,(anonymous_65)
FN:688,(anonymous_66)
FN:694,(anonymous_67)
FN:725,(anonymous_68)
FNF:69
FNH:15
FNDA:1,(anonymous_0)
FNDA:1,(anonymous_1)
FNDA:3,(anonymous_2)
FNDA:1,(anonymous_3)
FNDA:2,(anonymous_4)
FNDA:0,(anonymous_5)
FNDA:0,(anonymous_6)
FNDA:2,generateUserId
FNDA:1,getDateKey
FNDA:1,calculateStreak
FNDA:0,pruneOldData
FNDA:0,(anonymous_11)
FNDA:0,(anonymous_12)
FNDA:2,loadAnalytics
FNDA:2,createInitialData
FNDA:0,migrateAnalytics
FNDA:1,saveAnalytics
FNDA:2,useAnalytics
FNDA:2,(anonymous_18)
FNDA:0,(anonymous_19)
FNDA:1,(anonymous_20)
FNDA:1,(anonymous_21)
FNDA:0,(anonymous_22)
FNDA:0,(anonymous_23)
FNDA:0,(anonymous_24)
FNDA:0,(anonymous_25)
FNDA:0,(anonymous_26)
FNDA:0,(anonymous_27)
FNDA:0,(anonymous_28)
FNDA:0,(anonymous_29)
FNDA:0,(anonymous_30)
FNDA:0,(anonymous_31)
FNDA:0,(anonymous_32)
FNDA:0,(anonymous_33)
FNDA:0,(anonymous_34)
FNDA:0,(anonymous_35)
FNDA:0,(anonymous_36)
FNDA:0,(anonymous_37)
FNDA:0,(anonymous_38)
FNDA:0,(anonymous_39)
FNDA:0,(anonymous_40)
FNDA:0,(anonymous_41)
FNDA:0,(anonymous_42)
FNDA:0,(anonymous_43)
FNDA:0,(anonymous_44)
FNDA:0,(anonymous_45)
FNDA:0,(anonymous_46)
FNDA:0,(anonymous_47)
FNDA:0,(anonymous_48)
FNDA:0,(anonymous_49)
FNDA:0,(anonymous_50)
FNDA:0,(anonymous_51)
FNDA:0,(anonymous_52)
FNDA:0,(anonymous_53)
FNDA:0,(anonymous_54)
FNDA:0,(anonymous_55)
FNDA:0,(anonymous_56)
FNDA:0,(anonymous_57)
FNDA:0,(anonymous_58)
FNDA:0,(anonymous_59)
FNDA:0,(anonymous_60)
FNDA:0,(anonymous_61)
FNDA:0,(anonymous_62)
FNDA:0,(anonymous_63)
FNDA:0,(anonymous_64)
FNDA:0,(anonymous_65)
FNDA:0,(anonymous_66)
FNDA:0,(anonymous_67)
FNDA:0,(anonymous_68)
DA:8,1
DA:9,1
DA:10,1
DA:11,1
DA:12,1
DA:24,1
DA:25,1
DA:29,3
DA:33,1
DA:34,0
DA:39,2
DA:40,2
DA:45,0
DA:46,0
DA:51,0
DA:52,0
DA:57,1
DA:145,1
DA:146,1
DA:153,2
DA:154,2
DA:155,2
DA:156,2
DA:157,2
DA:161,1
DA:169,1
DA:171,0
DA:172,0
DA:174,0
DA:175,0
DA:180,0
DA:181,0
DA:182,0
DA:184,0
DA:192,0
DA:193,0
DA:196,0
DA:197,0
DA:198,0
DA:202,0
DA:203,0
DA:205,0
DA:206,0
DA:207,0
DA:212,0
DA:216,2
DA:217,2
DA:218,2
DA:219,2
DA:220,2
DA:222,0
DA:223,0
DA:227,0
DA:229,0
DA:230,0
DA:235,2
DA:261,0
DA:295,1
DA:296,1
DA:297,1
DA:302,0
DA:311,2
DA:312,2
DA:314,2
DA:315,2
DA:316,0
DA:319,2
DA:322,2
DA:323,1
DA:324,1
DA:325,1
DA:331,1
DA:344,1
DA:345,1
DA:349,2
DA:350,0
DA:351,0
DA:352,0
DA:359,0
DA:360,0
DA:361,0
DA:365,2
DA:366,0
DA:367,0
DA:368,0
DA:375,0
DA:376,0
DA:377,0
DA:381,2
DA:386,0
DA:387,0
DA:388,0
DA:389,0
DA:393,0
DA:394,0
DA:395,0
DA:401,0
DA:407,0
DA:412,0
DA:413,0
DA:417,2
DA:418,0
DA:419,0
DA:426,0
DA:432,0
DA:437,0
DA:438,0
DA:442,2
DA:446,0
DA:447,0
DA:448,0
DA:455,0
DA:463,0
DA:464,0
DA:468,2
DA:473,0
DA:474,0
DA:475,0
DA:483,0
DA:491,0
DA:492,0
DA:496,2
DA:501,0
DA:502,0
DA:510,0
DA:516,0
DA:521,0
DA:522,0
DA:526,2
DA:527,0
DA:528,0
DA:533,0
DA:541,0
DA:542,0
DA:546,2
DA:547,0
DA:548,0
DA:556,0
DA:560,0
DA:565,0
DA:566,0
DA:570,2
DA:571,0
DA:572,0
DA:580,0
DA:584,0
DA:589,0
DA:590,0
DA:594,2
DA:599,0
DA:600,0
DA:610,0
DA:614,0
DA:619,0
DA:620,0
DA:624,2
DA:626,2
DA:628,2
DA:629,0
DA:631,2
DA:633,2
DA:635,2
DA:636,0
DA:638,2
DA:639,0
DA:641,2
DA:643,2
DA:645,2
DA:647,2
DA:648,0
DA:649,0
DA:651,0
DA:652,0
DA:653,0
DA:655,0
DA:656,0
DA:658,0
DA:659,0
DA:662,0
DA:666,0
DA:668,0
DA:671,0
DA:674,0
DA:678,0
DA:683,0
DA:688,2
DA:689,0
DA:690,0
DA:691,0
DA:694,2
DA:695,0
DA:698,2
DA:726,0
LF:193
LH:67
BRDA:8,0,0,1
BRDA:8,0,1,1
BRDA:23,1,0,1
BRDA:23,2,0,1
BRDA:33,3,0,0
BRDA:33,3,1,1
BRDA:34,4,0,0
BRDA:34,4,1,0
BRDA:39,5,0,2
BRDA:39,5,1,0
BRDA:40,6,0,2
BRDA:40,6,1,2
BRDA:45,7,0,0
BRDA:45,7,1,0
BRDA:46,8,0,0
BRDA:46,8,1,0
BRDA:51,9,0,0
BRDA:51,9,1,0
BRDA:52,10,0,0
BRDA:52,10,1,0
BRDA:154,11,0,0
BRDA:154,11,1,2
BRDA:160,12,0,1
BRDA:169,13,0,1
BRDA:169,13,1,0
BRDA:174,14,0,0
BRDA:174,14,1,0
BRDA:180,15,0,0
BRDA:180,15,1,0
BRDA:197,16,0,0
BRDA:197,16,1,0
BRDA:197,16,2,0
BRDA:197,16,3,0
BRDA:202,17,0,0
BRDA:202,17,1,0
BRDA:205,18,0,0
BRDA:205,18,1,0
BRDA:205,18,2,0
BRDA:205,18,3,0
BRDA:206,19,0,0
BRDA:206,19,1,0
BRDA:206,19,2,0
BRDA:206,19,3,0
BRDA:218,20,0,2
BRDA:218,20,1,0
BRDA:265,21,0,0
BRDA:265,21,1,0
BRDA:267,22,0,0
BRDA:267,22,1,0
BRDA:268,23,0,0
BRDA:268,23,1,0
BRDA:269,24,0,0
BRDA:269,24,1,0
BRDA:270,25,0,0
BRDA:270,25,1,0
BRDA:271,26,0,0
BRDA:271,26,1,0
BRDA:272,27,0,0
BRDA:272,27,1,0
BRDA:282,28,0,0
BRDA:282,28,1,0
BRDA:283,29,0,0
BRDA:283,29,1,0
BRDA:284,30,0,0
BRDA:284,30,1,0
BRDA:285,31,0,0
BRDA:285,31,1,0
BRDA:286,32,0,0
BRDA:286,32,1,0
BRDA:287,33,0,0
BRDA:287,33,1,0
BRDA:288,34,0,0
BRDA:288,34,1,0
BRDA:289,35,0,0
BRDA:289,35,1,0
BRDA:290,36,0,0
BRDA:290,36,1,0
BRDA:314,37,0,2
BRDA:314,37,1,0
BRDA:322,38,0,1
BRDA:335,39,0,0
BRDA:335,39,1,1
BRDA:337,40,0,0
BRDA:337,40,1,1
BRDA:355,41,0,0
BRDA:355,41,1,0
BRDA:371,42,0,0
BRDA:371,42,1,0
BRDA:387,43,0,0
BRDA:387,43,1,0
BRDA:389,44,0,0
BRDA:389,44,1,0
BRDA:393,45,0,0
BRDA:393,45,1,0
BRDA:427,46,0,0
BRDA:427,46,1,0
BRDA:451,47,0,0
BRDA:451,47,1,0
BRDA:479,48,0,0
BRDA:479,48,1,0
BRDA:481,49,0,0
BRDA:481,49,1,0
BRDA:481,50,0,0
BRDA:481,50,1,0
BRDA:511,51,0,0
BRDA:511,51,1,0
BRDA:556,52,0,0
BRDA:556,52,1,0
BRDA:580,53,0,0
BRDA:580,53,1,0
BRDA:610,54,0,0
BRDA:610,54,1,0
BRDA:665,55,0,0
BRDA:665,55,1,0
BRDA:682,56,0,0
BRDA:682,56,1,0
BRF:116
BRH:16
end_of_record
TN:
SF:src/hooks/useGeneratedContent.ts
FN:22,hasContent
FN:23,(anonymous_1)
FN:26,loadCache
FN:41,saveCache
FN:56,queryAllContent
FN:95,useGeneratedContent
FN:100,(anonymous_6)
FN:116,(anonymous_7)
FN:126,(anonymous_8)
FNF:9
FNH:5
FNDA:0,hasContent
FNDA:0,(anonymous_1)
FNDA:3,loadCache
FNDA:0,saveCache
FNDA:3,queryAllContent
FNDA:6,useGeneratedContent
FNDA:3,(anonymous_6)
FNDA:3,(anonymous_7)
FNDA:0,(anonymous_8)
DA:17,1
DA:18,1
DA:23,0
DA:27,3
DA:28,3
DA:29,3
DA:30,0
DA:31,0
DA:32,0
DA:34,0
DA:36,0
DA:38,0
DA:42,0
DA:43,0
DA:44,0
DA:45,0
DA:57,3
DA:58,0
DA:59,0
DA:61,0
DA:65,0
DA:73,0
DA:75,0
DA:76,0
DA:77,0
DA:79,0
DA:80,0
DA:81,0
DA:82,0
DA:83,0
DA:85,0
DA:87,0
DA:92,0
DA:96,6
DA:97,6
DA:98,6
DA:100,6
DA:101,3
DA:102,3
DA:104,3
DA:105,3
DA:106,0
DA:107,0
DA:109,0
DA:110,0
DA:112,0
DA:116,6
DA:117,3
DA:118,3
DA:119,0
DA:120,0
DA:123,3
DA:126,6
DA:127,0
DA:128,0
DA:131,6
LF:56
LH:20
BRDA:23,0,0,0
BRDA:23,0,1,0
BRDA:29,1,0,3
BRDA:29,1,1,0
BRDA:31,2,0,0
BRDA:31,2,1,0
BRDA:31,3,0,0
BRDA:31,3,1,0
BRDA:42,4,0,0
BRDA:42,4,1,0
BRDA:59,5,0,0
BRDA:59,5,1,0
BRDA:73,6,0,0
BRDA:73,6,1,0
BRDA:79,7,0,0
BRDA:79,7,1,0
BRDA:79,8,0,0
BRDA:79,8,1,0
BRDA:82,9,0,0
BRDA:82,9,1,0
BRDA:82,10,0,0
BRDA:82,10,1,0
BRDA:109,11,0,0
BRDA:109,11,1,0
BRDA:118,12,0,0
BRDA:118,12,1,3
BRF:26
BRH:2
end_of_record
TN:
SF:src/hooks/useLocalStorage.ts
FN:3,useLocalStorage
FN:4,(anonymous_1)
FN:15,(anonymous_2)
FN:16,(anonymous_3)
FNF:4
FNH:4
FNDA:9,useLocalStorage
FNDA:6,(anonymous_1)
FNDA:3,(anonymous_2)
FNDA:3,(anonymous_3)
DA:4,9
DA:5,6
DA:6,6
DA:7,6
DA:9,1
DA:14,9
DA:16,3
DA:17,3
DA:18,3
DA:19,3
DA:21,1
DA:23,3
DA:29,9
LF:13
LH:13
BRDA:7,0,0,2
BRDA:7,0,1,4
BRDA:17,1,0,1
BRDA:17,1,1,2
BRF:4
BRH:4
end_of_record
TN:
SF:src/hooks/useMobile.ts
FN:4,useMobile
FN:7,(anonymous_1)
FN:8,(anonymous_2)
FN:14,(anonymous_3)
FNF:4
FNH:4
FNDA:5,useMobile
FNDA:3,(anonymous_1)
FNDA:3,(anonymous_2)
FNDA:3,(anonymous_3)
DA:5,5
DA:7,5
DA:8,3
DA:9,3
DA:12,3
DA:13,3
DA:14,3
DA:17,5
LF:8
LH:8
BRF:0
BRH:0
end_of_record
TN:
SF:src/lib/constants.ts
FNF:0
FNH:0
DA:7,2
DA:24,2
DA:36,2
DA:51,2
DA:62,2
DA:77,2
DA:88,2
DA:97,2
LF:8
LH:8
BRF:0
BRH:0
end_of_record
TN:
SF:src/lib/utils.ts
FN:4,cn
FNF:1
FNH:1
FNDA:4,cn
DA:5,4
LF:1
LH:1
BRF:0
BRH:0
end_of_record
TN:
SF:src/services/dbClient.ts
FN:27,notifyListeners
FN:29,(anonymous_1)
FN:32,getDbState
FN:41,subscribeDbState
FN:44,(anonymous_4)
FN:47,loadSqlJs
FN:53,(anonymous_6)
FN:58,initDatabase
FN:66,doInit
FN:122,seedDatabase
FN:150,getSeedData
FN:526,getDatabase
FN:542,getChannelsFromDb
FN:552,(anonymous_13)
FN:561,(anonymous_14)
FN:570,closeDatabase
FN:595,parseRecord
FN:619,getContentByType
FN:631,getContentByChannel
FN:643,getContentByTags
FN:657,(anonymous_20)
FN:665,searchContent
FN:687,getAllContent
FNF:23
FNH:3
FNDA:0,notifyListeners
FNDA:0,(anonymous_1)
FNDA:0,getDbState
FNDA:0,subscribeDbState
FNDA:0,(anonymous_4)
FNDA:1,loadSqlJs
FNDA:0,(anonymous_6)
FNDA:3,initDatabase
FNDA:1,doInit
FNDA:0,seedDatabase
FNDA:0,getSeedData
FNDA:0,getDatabase
FNDA:0,getChannelsFromDb
FNDA:0,(anonymous_13)
FNDA:0,(anonymous_14)
FNDA:0,closeDatabase
FNDA:0,parseRecord
FNDA:0,getContentByType
FNDA:0,getContentByChannel
FNDA:0,getContentByTags
FNDA:0,(anonymous_20)
FNDA:0,searchContent
FNDA:0,getAllContent
DA:13,1
DA:14,1
DA:15,1
DA:16,1
DA:25,1
DA:28,0
DA:29,0
DA:33,0
DA:42,0
DA:43,0
DA:44,0
DA:50,1
DA:51,1
DA:52,1
DA:53,0
DA:59,3
DA:60,3
DA:62,1
DA:63,1
DA:67,1
DA:68,1
DA:70,0
DA:71,0
DA:72,0
DA:73,1
DA:74,1
DA:75,0
DA:76,0
DA:77,0
DA:78,0
DA:79,0
DA:83,0
DA:86,0
DA:87,0
DA:88,0
DA:103,0
DA:104,0
DA:105,0
DA:106,0
DA:107,0
DA:108,0
DA:111,0
DA:112,0
DA:113,0
DA:114,0
DA:116,0
DA:117,0
DA:118,0
DA:123,0
DA:124,0
DA:126,0
DA:128,0
DA:129,0
DA:131,0
DA:132,0
DA:158,0
DA:527,0
DA:543,0
DA:544,0
DA:545,0
DA:551,0
DA:552,0
DA:562,0
DA:566,0
DA:571,0
DA:572,0
DA:573,0
DA:574,0
DA:575,0
DA:576,0
DA:577,0
DA:596,0
DA:597,0
DA:598,0
DA:599,0
DA:601,0
DA:604,0
DA:620,0
DA:621,0
DA:622,0
DA:623,0
DA:624,0
DA:625,0
DA:627,0
DA:628,0
DA:632,0
DA:633,0
DA:634,0
DA:635,0
DA:636,0
DA:637,0
DA:639,0
DA:640,0
DA:644,0
DA:645,0
DA:646,0
DA:647,0
DA:648,0
DA:649,0
DA:650,0
DA:651,0
DA:652,0
DA:653,0
DA:655,0
DA:657,0
DA:658,0
DA:661,0
DA:662,0
DA:666,0
DA:667,0
DA:668,0
DA:669,0
DA:670,0
DA:671,0
DA:672,0
DA:673,0
DA:674,0
DA:675,0
DA:676,0
DA:677,0
DA:680,0
DA:683,0
DA:684,0
DA:688,0
DA:689,0
DA:692,0
DA:693,0
DA:694,0
DA:695,0
DA:697,0
DA:698,0
LF:131
LH:16
BRDA:34,0,0,0
BRDA:34,0,1,0
BRDA:34,0,2,0
BRDA:35,1,0,0
BRDA:35,1,1,0
BRDA:50,2,0,1
BRDA:50,2,1,0
BRDA:51,3,0,1
BRDA:51,3,1,0
BRDA:59,4,0,0
BRDA:59,4,1,3
BRDA:59,5,0,3
BRDA:59,5,1,0
BRDA:60,6,0,2
BRDA:60,6,1,1
BRDA:72,7,0,0
BRDA:72,7,1,0
BRDA:73,8,0,0
BRDA:73,8,1,0
BRDA:75,9,0,0
BRDA:75,9,1,0
BRDA:77,10,0,0
BRDA:77,10,1,0
BRDA:86,11,0,0
BRDA:86,11,1,0
BRDA:116,12,0,0
BRDA:116,12,1,0
BRDA:124,13,0,0
BRDA:124,13,1,0
BRDA:126,14,0,0
BRDA:126,14,1,0
BRDA:543,15,0,0
BRDA:543,15,1,0
BRDA:551,16,0,0
BRDA:551,16,1,0
BRDA:551,17,0,0
BRDA:551,17,1,0
BRDA:559,18,0,0
BRDA:559,18,1,0
BRDA:560,19,0,0
BRDA:560,19,1,0
BRDA:562,20,0,0
BRDA:562,20,1,0
BRDA:571,21,0,0
BRDA:571,21,1,0
BRDA:597,22,0,0
BRDA:597,22,1,0
BRDA:620,23,0,0
BRDA:620,23,1,0
BRDA:632,24,0,0
BRDA:632,24,1,0
BRDA:644,25,0,0
BRDA:644,25,1,0
BRDA:644,26,0,0
BRDA:644,26,1,0
BRDA:652,27,0,0
BRDA:652,27,1,0
BRDA:653,28,0,0
BRDA:653,28,1,0
BRDA:657,29,0,0
BRDA:657,29,1,0
BRDA:666,30,0,0
BRDA:666,30,1,0
BRDA:666,31,0,0
BRDA:666,31,1,0
BRDA:674,32,0,0
BRDA:674,32,1,0
BRDA:676,33,0,0
BRDA:676,33,1,0
BRDA:688,34,0,0
BRDA:688,34,1,0
BRF:71
BRH:6
end_of_record
