TN:
SF:src/hooks/useLocalStorage.ts
FN:3,useLocalStorage
FN:4,(anonymous_1)
FN:13,(anonymous_2)
FNF:3
FNH:3
FNDA:9,useLocalStorage
FNDA:6,(anonymous_1)
FNDA:3,(anonymous_2)
DA:4,9
DA:5,6
DA:6,6
DA:7,6
DA:9,1
DA:13,9
DA:14,3
DA:16,3
DA:17,3
DA:18,3
DA:20,1
DA:24,9
LF:12
LH:12
BRDA:7,0,0,2
BRDA:7,0,1,4
BRDA:16,1,0,1
BRDA:16,1,1,2
BRF:4
BRH:4
end_of_record
TN:
SF:src/hooks/useMobile.ts
FN:4,useMobile
FN:7,(anonymous_1)
FN:8,(anonymous_2)
FN:14,(anonymous_3)
FNF:4
FNH:4
FNDA:5,useMobile
FNDA:3,(anonymous_1)
FNDA:3,(anonymous_2)
FNDA:3,(anonymous_3)
DA:5,5
DA:7,5
DA:8,3
DA:9,3
DA:12,3
DA:13,3
DA:14,3
DA:17,5
LF:8
LH:8
BRF:0
BRH:0
end_of_record
TN:
SF:src/lib/constants.ts
FNF:0
FNH:0
DA:7,1
DA:24,1
DA:36,1
DA:51,1
DA:62,1
DA:77,1
DA:88,1
DA:97,1
LF:8
LH:8
BRF:0
BRH:0
end_of_record
TN:
SF:src/lib/utils.ts
FN:4,cn
FNF:1
FNH:1
FNDA:4,cn
DA:5,4
LF:1
LH:1
BRF:0
BRH:0
end_of_record
